iMPACT Version: 10.1

iMPACT log file Started on Fri Jun 25 13:52:11 2010

// *** BATCH CMD : setMode -bs
// *** BATCH CMD : setMode -bs
GUI --- Auto connect to cable...
// *** BATCH CMD : setCable -port auto
AutoDetecting cable. Please wait.
PROGRESS_START - Starting Operation.
Connecting to cable (Parallel Port - LPT1).
Checking cable driver.
 Driver windrvr6.sys version = 8.1.1.0. WinDriver v8.11 Jungo (c) 1997 - 2006 Build Date: Oct 16 2006 X86 32bit SYS12:35:07, version = 811.
 LPT base address = 0378h.
 ECP base address = 0778h.
Cable connection failed.
Connecting to cable (Parallel Port - LPT2).
Checking cable driver.
 Driver windrvr6.sys version = 8.1.1.0. WinDriver v8.11 Jungo (c) 1997 - 2006 Build Date: Oct 16 2006 X86 32bit SYS12:35:07, version = 811.
Cable connection failed.
Connecting to cable (Parallel Port - LPT3).
Checking cable driver.
 Driver windrvr6.sys version = 8.1.1.0. WinDriver v8.11 Jungo (c) 1997 - 2006 Build Date: Oct 16 2006 X86 32bit SYS12:35:07, version = 811.
Cable connection failed.
Connecting to cable (Parallel Port - LPT4).
Checking cable driver.
 Driver windrvr6.sys version = 8.1.1.0. WinDriver v8.11 Jungo (c) 1997 - 2006 Build Date: Oct 16 2006 X86 32bit SYS12:35:07, version = 811.
Cable connection failed.
Connecting to cable (Usb Port - USB21).
Checking cable driver.
 Driver file xusbdfwu.sys found.
 Driver version: src=1027, dest=1027.
 Driver windrvr6.sys version = 8.1.1.0. WinDriver v8.11 Jungo (c) 1997 - 2006 Build Date: Oct 16 2006 X86 32bit SYS12:35:07, version = 811.
 Cable PID = 0008.
 Max current requested during enumeration is 300 mA.
Type = 0x0005.
write (count, cmdBuffer, dataBuffer) failed C0000004.
 Cable Type = 3, Revision = 0.
 Setting cable speed to 6 MHz.
Cable connection established.
Firmware version = 2301.
File version of C:/Xilinx/10.1/ISE/data/xusb_xp2.hex = 2400.
Firmware hex file version = 2400.
Downloading C:/Xilinx/10.1/ISE/data/xusb_xp2.hex.
Downloaded firmware version = 2400.
Type = 0x0005.
ESN option: 0000131CC14F01.
PLD file version = 2007h.
 PLD version = 200Dh.
PROGRESS_END - End Operation.
Elapsed time =      2 sec.
Attempting to identify devices in the boundary-scan chain configuration...// *** BATCH CMD : Identify 
PROGRESS_START - Starting Operation.
Identifying chain contents ....'1': : Manufacturer's ID =Xilinx xc9572xl, Version : 5
INFO:iMPACT:1777 - 
   Reading C:/Xilinx/10.1/ISE/xc9500xl/data/xc9572xl.bsd...
INFO:iMPACT:501 - '1': Added Device xc9572xl successfully.
----------------------------------------------------------------------
----------------------------------------------------------------------
done.
PROGRESS_END - End Operation.
Elapsed time =      1 sec.
// *** BATCH CMD : identifyMPM 
// *** BATCH CMD : assignFile -p 1 -file"C:/GavAI/GPS_rcv_final/CPLD_data_packer_v2/CPLD_data_packer/data_packer.jed"
'1': Loading file'C:/GavAI/GPS_rcv_final/CPLD_data_packer_v2/CPLD_data_packer/data_packer.jed'...
done.
INFO:iMPACT:501 - '1': Added Device xc9572xl successfully.
----------------------------------------------------------------------
----------------------------------------------------------------------
// *** BATCH CMD : Program -p 1 -e -v 
Maximum TCK operating frequency for this device chain: 10000000.
Validating chain...
Boundary-scan chain validated successfully.
PROGRESS_START - Starting Operation.
'1': Erasing device...
'1': Erasure completed successfully.
'1': Programming device...
done.
'1': Putting device in ISP mode...done.
'1': Putting device in ISP mode...done.
'1': Verifying device...done.
'1': Verification completed successfully.
'1': Putting device in ISP mode...done.
'1': Programming completed successfully.
PROGRESS_END - End Operation.
Elapsed time =      5 sec.
// *** BATCH CMD : setMode -bs
// *** BATCH CMD : deleteDevice -position 1
// *** BATCH CMD : setMode -ss
// *** BATCH CMD : setMode -sm
// *** BATCH CMD : setMode -hw140
// *** BATCH CMD : setMode -spi
// *** BATCH CMD : setMode -acecf
// *** BATCH CMD : setMode -acempm
// *** BATCH CMD : setMode -pff
// *** BATCH CMD : setMode -bs
