Release 14.1 reportgen P.15xf (nt)
Copyright (c) 1995-2012 Xilinx, Inc.  All rights reserved.

SAMLAB::  Fri Jun 08 10:28:45 2012

C:\Xilinx\14.1\ISE_DS\ISE\bin\nt\unwrapped\reportgen.exe -intstyle ise
-clock_regions -o gps_baseband_16bit_async_mem_bus
gps_baseband_16bit_async_mem_bus.ncd 

Loading device for application Rf_Device from file '3s500e.nph' in environment
C:\Xilinx\14.1\ISE_DS\ISE\.
   "gps_baseband_16bit_async_mem_bus" is an NCD, version 3.2, device xc3s500e,
package pq208, speed -5
ReportGen:LoadDesign: 'gps_baseband_16bit_async_mem_bus.ncd'
Initializing temperature to 85.000 Celsius. (default - Range: -40.000 to 100.000
Celsius)
Initializing voltage to 1.140 Volts. (default - Range: 1.140 to 1.320 Volts)
Device speed data version:  "PRODUCTION 1.27 2012-04-23".

Generating Clock Region Report: gps_baseband_16bit_async_mem_bus.clk_rgn


Number of error messages: 0
Number of warning messages: 0
Number of info messages: 0

reportgen done!
