8	0	8	0	8	0	1	0	0
80	-162	100	-498	-170	-508	1	0	0
384	596	110	450	-278	384	1	0	0
-22	-311	246	-427	272	-241	1	0	0
-212	-277	8	-185	502	1	1	0	0
-188	351	-146	413	224	355	1	0	0
379	-259	443	-187	73	-263	1	0	0
112	-556	212	-98	162	156	1	0	0
45	253	-495	361	-333	461	1	0	0
-201	-418	49	-768	111	-750	1	0	0
-69	208	-131	-96	-59	-432	1	0	0
-219	109	45	263	187	87	1	0	0
677	5	473	93	-21	237	1	0	0
-20	18	-76	-352	-52	-412	1	0	0
402	53	284	99	-66	17	1	0	0
-72	-451	-122	73	-22	-91	1	0	0
322	-213	468	-135	410	-99	1	0	0
-348	-82	-306	-284	138	-804	1	0	0
-582	4	-182	100	-178	-18	1	0	0
-139	-79	-173	113	275	13	1	0	0
123	-106	-97	-188	-121	-444	1	0	0
351	-556	119	-466	-437	-168	1	0	0
133	144	-429	128	-409	-40	1	0	0
369	-183	5	43	-245	129	1	0	0
-62	226	286	350	134	518	1	0	0
-92	79	-660	177	-502	13	1	0	0
-148	-535	58	-345	476	181	1	0	0
103	-188	-93	234	37	224	1	0	0
20	354	-144	148	-258	-208	1	0	0
-26	144	224	192	782	-64	1	0	0
-214	-32	-16	-176	112	-16	1	0	0
533	542	179	418	47	-34	1	0	0
-169	8	115	-14	75	-266	1	0	0
-210	-371	226	-53	-210	151	1	0	0
323	-47	109	149	-133	473	1	0	0
-564	-4	80	14	-4	-168	1	0	0
340	-460	436	-138	-90	78	1	0	0
280	331	116	-51	58	-171	1	0	0
-183	104	-81	222	99	366	1	0	0
-106	-268	60	-480	-112	72	1	0	0
26	-220	162	-276	-70	-162	1	0	0
-185	255	155	267	233	117	1	0	0
-84	-155	-76	375	236	771	1	0	0
126	-53	50	-77	-264	29	1	0	0
106	637	-18	245	-160	55	1	0	0
-175	-519	-531	41	-307	325	1	0	0
216	192	226	164	-12	6	1	0	0
-50	-292	376	-590	168	-764	1	0	0
455	268	85	262	-223	350	1	0	0
-179	560	-1	120	-257	-122	1	0	0
339	-182	261	-140	-109	86	1	0	0
-46	-244	-142	22	-88	-232	1	0	0
109	201	-279	177	-249	215	1	0	0
519	10	319	238	-29	128	1	0	0
-200	5	-150	-77	236	113	1	0	0
608	365	420	137	134	-91	1	0	0
-465	665	-213	557	141	291	1	0	0
116	-904	220	-236	106	308	1	0	0
81	215	17	-19	-15	501	1	0	0
-105	-312	-477	248	-185	238	1	0	0
-45	8	537	70	557	-30	1	0	0
-111	-104	-443	-456	-205	-606	1	0	0
350	404	558	274	30	-72	1	0	0
-584	-170	72	-256	2	-132	1	0	0
325	-140	351	-276	-239	-44	1	0	0
-22	51	114	-13	-76	-239	1	0	0
24	-223	298	-441	726	-311	1	0	0
-63	-63	-57	443	81	693	1	0	0
385	-239	227	-257	85	-157	1	0	0
208	-120	248	50	166	272	1	0	0
179	-432	147	-540	-141	-410	1	0	0
-385	684	-223	302	167	-168	1	0	0
319	-4	71	-46	33	-44	1	0	0
-181	-299	73	-175	175	-161	1	0	0
332	-74	212	-66	268	-132	1	0	0
249	205	579	-91	479	-295	1	0	0
-10	-403	106	-293	316	-387	1	0	0
-516	95	-200	293	-28	179	1	0	0
426	-68	62	-124	-256	244	1	0	0
471	323	11	-235	-249	-499	1	0	0
440	224	-66	128	-30	146	1	0	0
-197	-54	-203	-14	-313	58	1	0	0
59	104	335	226	323	546	1	0	0
97	-264	127	30	-175	402	1	0	0
-272	428	-236	172	-334	36	1	0	0
-148	-124	-90	468	-264	408	1	0	0
127	-19	31	-477	7	-241	1	0	0
166	321	-66	-43	-450	-415	1	0	0
418	93	800	413	330	363	1	0	0
-97	-316	-109	-530	-91	-124	1	0	0
257	207	271	399	-59	133	1	0	0
114	-386	276	-450	600	-258	1	0	0
-87	510	-469	-38	-163	-504	1	0	0
331	104	47	264	65	256	1	0	0
-104	357	98	179	330	207	1	0	0
-712	22	-444	-130	-214	-212	1	0	0
234	-176	-8	158	-318	206	1	0	0
-51	-425	-27	-171	521	-127	1	0	0
282	209	-504	-7	-536	129	1	0	0
-449	-440	-325	-14	-251	308	1	0	0
225	128	379	-168	63	-116	1	0	0
-191	283	-127	109	231	-331	1	0	0
-42	-20	78	126	272	466	1	0	0
-191	312	-391	380	-539	4	1	0	0
172	27	392	29	236	41	1	0	0
316	91	136	-27	212	-131	1	0	0
-108	-320	144	46	208	456	1	0	0
272	-210	16	84	-280	54	1	0	0
39	-35	1	185	241	125	1	0	0
391	38	-125	250	-241	-38	1	0	0
-27	-124	-101	436	-123	500	1	0	0
225	374	123	280	-73	252	1	0	0
-403	687	-155	149	65	-251	1	0	0
-516	-206	-474	-100	-484	-244	1	0	0
-19	-361	-19	-283	375	-147	1	0	0
-710	609	-956	385	-284	197	1	0	0
54	-265	6	153	62	525	1	0	0
-266	-64	-190	-790	-44	-982	1	0	0
212	-164	-98	-396	-498	-74	1	0	0
-385	153	-37	195	187	219	1	0	0
438	-519	156	-293	-56	-209	1	0	0
33	772	49	358	279	-34	1	0	0
-3	380	-205	306	-363	-50	1	0	0
-325	-193	-179	-115	207	-119	1	0	0
152	-470	52	-220	-80	98	1	0	0
166	-302	-70	-104	284	-88	1	0	0
-154	195	74	-111	440	-253	1	0	0
-68	23	376	15	722	175	1	0	0
-446	-27	-64	-419	-70	-305	1	0	0
-34	-184	208	-30	36	-114	1	0	0
-70	-534	-42	-282	-132	-414	1	0	0
-60	321	194	341	-204	279	1	0	0
-195	52	7	-192	19	-78	1	0	0
-29	196	107	-12	5	210	1	0	0
-229	319	-183	-149	55	-483	1	0	0
-33	-515	413	-389	531	-263	1	0	0
290	256	-78	220	42	-192	1	0	0
-60	409	288	123	164	-337	1	0	0
48	-49	44	145	-16	-15	1	0	0
-400	205	300	3	348	81	1	0	0
266	-50	296	-198	48	-310	1	0	0
-346	-156	-434	-460	-450	-522	1	0	0
188	45	28	-233	-300	-321	1	0	0
-347	-274	229	-212	225	202	1	0	0
323	274	455	204	261	454	1	0	0
-428	176	248	-110	256	-140	1	0	0
435	-329	357	-129	169	311	1	0	0
-144	-362	-140	-424	-22	-674	1	0	0
346	325	-118	49	-544	-291	1	0	0
296	163	64	53	-90	-323	1	0	0
-341	164	-221	372	-69	132	1	0	0
38	704	270	664	78	160	1	0	0
68	-654	-680	-166	-1022	270	1	0	0
29	227	29	-143	-131	-191	1	0	0
3	282	-85	362	365	356	1	0	0
-69	138	-123	186	-379	358	1	0	0
-129	295	-21	33	297	-67	1	0	0
149	201	-545	465	-191	661	1	0	0
656	-696	304	-556	-358	-510	1	0	0
-86	131	44	-269	428	-317	1	0	0
210	449	8	207	106	-91	1	0	0
-37	-170	-299	-154	-511	-206	1	0	0
-446	92	-398	24	4	214	1	0	0
114	-26	148	-180	-252	122	1	0	0
-160	302	156	548	284	376	1	0	0
-311	-88	-223	414	-83	458	1	0	0
70	111	-84	61	-194	49	1	0	0
262	289	106	193	182	213	1	0	0
-109	115	-75	79	-195	-59	1	0	0
-460	-122	-250	150	-56	-118	1	0	0
312	49	346	-69	40	-129	1	0	0
131	-236	51	-12	131	338	1	0	0
33	50	-73	-104	-385	-86	1	0	0
202	186	194	-32	96	-74	1	0	0
-188	346	-52	172	294	-170	1	0	0
-321	31	281	31	191	347	1	0	0
-29	-68	49	30	189	132	1	0	0
-266	167	-192	153	-86	173	1	0	0
-92	-127	388	33	356	-115	1	0	0
-287	51	-405	271	139	23	1	0	0
-20	-264	26	150	12	346	1	0	0
13	238	-175	82	-155	-112	1	0	0
57	-248	-107	-114	-107	-524	1	0	0
27	332	325	758	67	454	1	0	0
-14	292	266	-288	180	-340	1	0	0
-182	204	-334	20	-344	-78	1	0	0
-12	-128	122	126	120	-44	1	0	0
221	342	397	-104	77	-236	1	0	0
-118	139	220	-57	22	-729	1	0	0
6	141	114	175	578	447	1	0	0
-417	-43	193	25	331	-65	1	0	0
84	-390	-112	88	62	-16	1	0	0
272	-498	2	-444	214	72	1	0	0
-529	240	-411	70	-199	4	1	0	0
-179	-432	27	-384	-109	-100	1	0	0
68	162	-46	330	-112	100	1	0	0
-585	211	-95	-81	-273	-241	1	0	0
-38	-406	226	-132	406	-86	1	0	0
165	376	395	6	335	96	1	0	0
64	549	26	387	-158	149	1	0	0
-36	-315	152	-317	18	331	1	0	0
136	82	-46	-44	-88	82	1	0	0
-103	-201	-31	-189	-447	-267	1	0	0
8	-304	166	-396	44	-102	1	0	0
197	-144	705	-98	233	-60	1	0	0
243	-260	25	-40	-159	126	1	0	0
211	-304	265	-22	249	14	1	0	0
-42	-236	-156	-436	-304	-254	1	0	0
32	130	-4	140	144	114	1	0	0
-435	-440	-401	-462	-45	-312	1	0	0
102	461	108	95	294	-55	1	0	0
164	-235	-82	-297	-296	-473	1	0	0
-283	-199	-291	5	-363	-13	1	0	0
513	-153	281	173	-21	349	1	0	0
-246	62	-290	110	-164	152	1	0	0
659	66	711	-284	-25	-362	1	0	0
17	-32	207	-26	267	-448	1	0	0
388	-573	-48	-597	-92	-331	1	0	0
332	310	-140	452	-518	262	1	0	0
-78	-46	140	-164	152	-116	1	0	0
-401	-40	-171	-124	73	-112	1	0	0
590	-21	306	279	-194	31	1	0	0
265	212	-7	-22	-17	-204	1	0	0
509	423	227	163	103	205	1	0	0
-207	-131	-183	-137	-53	-401	1	0	0
-4	6	-58	220	-104	404	1	0	0
-285	220	63	36	77	-104	1	0	0
155	-482	275	-344	-111	-156	1	0	0
24	69	-12	81	352	-23	1	0	0
-20	-236	272	-320	474	-74	1	0	0
366	380	300	188	66	38	1	0	0
-445	227	-497	169	-59	-255	1	0	0
523	-472	469	-134	149	318	1	0	0
-93	-36	69	-108	367	-326	1	0	0
453	-357	993	-165	467	171	1	0	0
-615	45	-673	85	-101	133	1	0	0
180	-202	-24	28	-40	108	1	0	0
36	33	-116	187	-236	-87	1	0	0
-52	-99	94	-141	390	-55	1	0	0
-80	-45	-16	-37	-114	-123	1	0	0
478	90	332	-106	14	-428	1	0	0
144	16	118	114	510	-540	1	0	0
-79	-157	11	267	265	41	1	0	0
-30	-413	-74	-565	-128	-619	1	0	0
85	422	-93	-26	-239	8	1	0	0
-49	-32	-137	12	-55	-150	1	0	0
345	43	275	-133	-23	81	1	0	0
190	-254	-354	-314	-292	-158	1	0	0
-181	-438	-213	-522	-449	-308	1	0	0
60	119	64	223	-244	-133	1	0	0
-274	231	224	-123	474	-39	1	0	0
-260	386	-266	272	-94	-166	1	0	0
-116	-370	208	-116	70	190	1	0	0
-118	-156	-282	72	-164	304	1	0	0
24	-323	-266	-325	-140	-555	1	0	0
289	-68	487	-142	437	112	1	0	0
-259	514	-177	564	117	62	1	0	0
-189	329	-63	343	289	-1	1	0	0
19	-377	-43	-117	19	-5	1	0	0
179	-314	347	-388	475	128	1	0	0
-230	-487	10	-265	386	-217	1	0	0
-118	105	-374	-185	-316	19	1	0	0
-22	-134	44	-264	336	-190	1	0	0
-189	-277	273	157	531	221	1	0	0
10	216	46	282	18	398	1	0	0
2	-167	2	-69	-236	-33	1	0	0
321	190	295	104	567	78	1	0	0
-41	52	-245	-246	-267	16	1	0	0
-298	24	-386	96	14	-38	1	0	0
105	13	363	261	127	417	1	0	0
318	-142	114	188	76	236	1	0	0
-64	155	-178	201	-322	-243	1	0	0
-206	15	316	229	324	-211	1	0	0
-221	-145	-511	67	7	295	1	0	0
-100	142	8	-292	-46	-212	1	0	0
194	-242	178	-106	-130	112	1	0	0
-474	37	-66	-147	306	-65	1	0	0
-221	38	-85	100	-19	-36	1	0	0
153	-98	31	-362	127	-62	1	0	0
73	135	101	-379	-79	19	1	0	0
-315	-127	-19	-153	285	-295	1	0	0
286	452	416	404	290	190	1	0	0
-72	-151	-234	-271	-236	91	1	0	0
-412	1	-430	121	-350	13	1	0	0
-253	-476	99	-94	-77	-42	1	0	0
-164	-2	32	-166	-120	-40	1	0	0
-188	22	-168	108	148	4	1	0	0
-484	-167	-128	-297	234	-197	1	0	0
53	328	-9	-230	-159	-218	1	0	0
-364	45	-160	57	-156	-21	1	0	0
161	-91	559	-297	455	-207	1	0	0
317	-311	333	-1	49	249	1	0	0
-142	-136	100	-328	-112	16	1	0	0
604	-191	480	-81	92	-151	1	0	0
145	-154	91	12	-127	168	1	0	0
-177	-174	-185	62	-225	126	1	0	0
-338	4	-460	-124	-24	-194	1	0	0
-292	-12	-206	-14	64	128	1	0	0
-366	-297	96	273	30	625	1	0	0
-62	199	-540	317	-382	63	1	0	0
-156	-463	-182	-279	-128	-135	1	0	0
81	453	-31	-33	-113	-629	1	0	0
-335	321	47	9	327	75	1	0	0
-108	204	-202	-24	-148	-254	1	0	0
-149	-46	-133	-56	-31	-320	1	0	0
-35	-140	369	-130	573	-216	1	0	0
-279	116	-71	46	-49	-156	1	0	0
-80	180	-196	402	-326	628	1	0	0
-544	-10	-436	-236	-240	-482	1	0	0
164	120	-72	186	124	-50	1	0	0
-61	-2	171	-394	239	74	1	0	0
122	169	236	125	136	289	1	0	0
121	197	143	103	13	35	1	0	0
593	-213	203	-57	101	-115	1	0	0
-2	-64	314	-74	284	-62	1	0	0
-350	9	-280	-267	-86	-231	1	0	0
-107	-244	-339	76	-41	106	1	0	0
-55	130	21	-176	225	-650	1	0	0
-508	-264	-310	58	102	486	1	0	0
-299	-185	-207	-151	-295	113	1	0	0
280	-338	334	-60	404	154	1	0	0
149	-18	401	152	17	280	1	0	0
-92	-727	-412	-519	-624	189	1	0	0
-346	39	10	-149	346	-343	1	0	0
221	-27	369	307	345	143	1	0	0
-241	357	-537	341	-329	169	1	0	0
94	153	412	443	-142	225	1	0	0
-77	-304	-17	-30	51	-332	1	0	0
31	-228	105	-144	115	150	1	0	0
130	304	206	254	396	-282	1	0	0
-328	-52	-126	544	48	540	1	0	0
-250	-128	-532	-36	-702	364	1	0	0
73	464	39	104	-277	-102	1	0	0
244	-77	354	29	482	471	1	0	0
-90	565	68	119	46	-97	1	0	0
53	-309	447	-649	189	-423	1	0	0
-313	467	-211	405	-427	-183	1	0	0
24	429	-114	147	24	-111	1	0	0
403	422	215	296	-319	-16	1	0	0
-271	-132	-287	-474	-265	-496	1	0	0
-23	-141	-209	-153	-229	-111	1	0	0
56	-290	250	-44	230	206	1	0	0
-327	499	-407	587	-451	447	1	0	0
41	-172	-285	-132	-259	-48	1	0	0
-160	-83	-122	181	-2	267	1	0	0
-241	-310	-241	-470	67	-220	1	0	0
31	337	-311	297	-177	-229	1	0	0
-273	103	93	-119	121	73	1	0	0
-60	-182	522	376	92	290	1	0	0
329	114	97	-64	279	-130	1	0	0
-51	-174	-91	226	-463	82	1	0	0
252	290	226	110	-58	236	1	0	0
-232	-192	-64	-208	-44	74	1	0	0
-268	-118	204	-274	-116	-348	1	0	0
193	290	431	-96	319	-492	1	0	0
-69	476	141	674	437	406	1	0	0
-269	292	-223	104	-83	28	1	0	0
233	-635	659	-469	505	29	1	0	0
89	213	-521	235	-411	81	1	0	0
-8	-886	222	-986	58	-344	1	0	0
-405	-184	-293	-82	-77	-18	1	0	0
48	271	-304	67	-214	195	1	0	0
-176	-271	458	-55	44	-29	1	0	0
64	-40	178	50	-30	376	1	0	0
-70	-166	114	342	-52	188	1	0	0
143	-64	51	-146	81	-486	1	0	0
366	321	106	397	176	341	1	0	0
-205	128	-239	-18	19	-354	1	0	0
-35	143	-71	-55	-567	-205	1	0	0
183	201	139	-149	155	-143	1	0	0
2	230	-32	230	-4	160	1	0	0
149	-616	283	-406	399	-224	1	0	0
-146	71	-94	99	234	195	1	0	0
58	77	-224	-305	18	-207	1	0	0
308	228	38	116	-120	-168	1	0	0
252	36	2	-100	-112	-560	1	0	0
320	197	198	-129	-94	-359	1	0	0
-870	239	-238	-443	256	-473	1	0	0
211	-80	461	4	421	-30	1	0	0
-199	179	277	435	363	423	1	0	0
-37	205	229	345	333	349	1	0	0
-127	119	-539	-57	-441	-209	1	0	0
315	-158	21	-216	-209	-130	1	0	0
538	321	500	13	254	395	1	0	0
-234	161	-250	-391	-148	-349	1	0	0
368	108	-118	160	-118	430	1	0	0
-527	13	-189	-53	207	-189	1	0	0
126	-246	-332	-176	20	-194	1	0	0
-248	445	-176	589	214	211	1	0	0
-399	-146	-377	46	-447	192	1	0	0
393	253	203	257	-39	233	1	0	0
150	-424	74	-642	-178	-522	1	0	0
-225	205	-267	163	129	5	1	0	0
91	80	321	324	89	548	1	0	0
68	-97	-172	-75	38	-423	1	0	0
60	-43	240	239	346	37	1	0	0
-22	4	-260	312	-62	298	1	0	0
-84	-164	-394	-110	-604	86	1	0	0
-68	-276	-38	-316	364	-210	1	0	0
86	173	432	343	366	91	1	0	0
-433	-242	-423	136	-3	-202	1	0	0
-161	-174	119	-80	77	-50	1	0	0
-317	37	-199	301	-239	519	1	0	0
-365	-405	-97	-351	171	69	1	0	0
-67	-270	-467	-68	-383	192	1	0	0
424	369	12	243	-372	181	1	0	0
-12	117	390	-11	186	55	1	0	0
276	-70	94	190	-218	528	1	0	0
118	44	368	-94	162	4	1	0	0
204	-330	208	48	288	322	1	0	0
120	-291	44	41	-288	109	1	0	0
115	-310	-65	66	-139	534	1	0	0
-250	295	242	447	246	11	1	0	0
-343	21	-193	-283	311	-561	1	0	0
207	-145	395	273	125	11	1	0	0
-161	112	13	214	-329	588	1	0	0
-214	-247	-164	77	-104	305	1	0	0
-151	122	235	242	259	40	1	0	0
-248	318	-128	60	52	-158	1	0	0
506	530	36	52	-96	-172	1	0	0
-52	-186	-344	342	-158	182	1	0	0
2	-243	180	-261	46	-187	1	0	0
-114	-275	130	-103	378	-79	1	0	0
-162	547	-130	421	18	-65	1	0	0
-231	131	-561	167	-643	41	1	0	0
271	13	737	-155	461	-355	1	0	0
-106	-362	-400	20	-298	-324	1	0	0
265	252	-55	128	-175	180	1	0	0
-479	-256	-411	-90	-141	310	1	0	0
264	32	-258	244	-60	368	1	0	0
186	-18	-136	-266	-558	-48	1	0	0
-452	-126	-28	296	-92	360	1	0	0
-228	351	366	-17	760	-21	1	0	0
99	14	17	206	217	-134	1	0	0
112	-197	38	111	234	507	1	0	0
439	-75	409	-221	247	65	1	0	0
337	-245	255	-51	-105	67	1	0	0
-376	-210	-454	-190	-364	540	1	0	0
-288	145	-186	353	-60	615	1	0	0
57	-406	93	-56	-119	14	1	0	0
301	-238	455	-438	-139	-400	1	0	0
340	406	800	120	396	-24	1	0	0
-227	299	-245	445	255	329	1	0	0
-247	132	-215	158	-115	-286	1	0	0
23	-4	-369	32	-243	148	1	0	0
-310	-287	-404	-295	52	65	1	0	0
313	229	-45	-395	-559	-523	1	0	0
-103	-129	-161	-281	-233	-239	1	0	0
61	185	-567	235	-549	157	1	0	0
-790	-363	86	-377	370	-169	1	0	0
89	-276	-77	-260	-145	-212	1	0	0
-243	122	-241	50	-269	-206	1	0	0
-236	-462	-126	98	406	504	1	0	0
-196	86	-300	4	-290	16	1	0	0
-148	12	166	-160	244	12	1	0	0
-83	-218	-519	-322	-383	150	1	0	0
-32	-243	-164	-191	-278	-17	1	0	0
199	381	347	511	349	189	1	0	0
142	218	310	98	220	70	1	0	0
201	71	129	-123	257	-47	1	0	0
28	-537	-46	-501	26	159	1	0	0
-385	114	61	394	103	234	1	0	0
231	572	-97	546	-365	136	1	0	0
189	-825	-195	29	-151	519	1	0	0
-50	98	-72	-232	22	-278	1	0	0
210	-274	208	112	168	-190	1	0	0
-287	-216	-523	146	-307	168	1	0	0
-80	-1	-532	65	-360	39	1	0	0
441	164	169	408	209	-32	1	0	0
39	477	139	183	-23	73	1	0	0
95	-227	93	231	43	373	1	0	0
478	-249	446	-195	102	309	1	0	0
-15	62	51	12	317	70	1	0	0
-245	-194	-269	138	-479	504	1	0	0
-32	-84	0	-304	266	-342	1	0	0
192	476	-70	194	250	-102	1	0	0
75	179	27	-335	73	-225	1	0	0
311	-236	679	-14	373	90	1	0	0
-95	338	-45	712	-309	-92	1	0	0
-93	208	-71	236	91	330	1	0	0
97	-339	-77	-691	-189	-389	1	0	0
61	17	-183	483	51	315	1	0	0
-90	-87	-346	-203	-538	-79	1	0	0
83	-350	187	-186	-13	-362	1	0	0
194	-327	14	-321	-424	-321	1	0	0
288	66	138	-144	-80	-158	1	0	0
188	594	434	288	280	12	1	0	0
86	-278	-412	-130	-228	74	1	0	0
-93	-204	265	44	-45	104	1	0	0
-298	561	-26	153	-208	-375	1	0	0
75	-274	237	-502	-265	-112	1	0	0
65	-357	401	-617	273	-547	1	0	0
-161	333	-311	507	-65	263	1	0	0
-266	322	180	240	280	-154	1	0	0
-282	57	-144	33	310	-469	1	0	0
-300	-301	-192	-35	252	635	1	0	0
-88	-488	-136	-516	-184	-298	1	0	0
530	-274	394	192	-10	56	1	0	0
-134	420	-98	334	68	298	1	0	0
-316	-245	-30	-243	-50	-341	1	0	0
244	-3	392	71	66	53	1	0	0
-163	-176	-261	-60	-379	10	1	0	0
-145	-19	-337	41	-341	307	1	0	0
255	43	-61	-127	3	-109	1	0	0
87	7	255	-103	121	73	1	0	0
113	-100	-21	-86	-285	-290	1	0	0
-32	-23	-372	-65	-256	-29	1	0	0
692	503	460	233	72	33	1	0	0
242	-58	218	-360	248	-474	1	0	0
293	257	333	477	153	205	1	0	0
-252	251	-98	215	236	-123	1	0	0
70	445	-28	81	46	-681	1	0	0
277	-684	51	-138	61	4	1	0	0
39	277	-119	-11	-187	219	1	0	0
86	-232	-88	-370	-480	-220	1	0	0
-337	77	-191	25	119	-69	1	0	0
-393	-180	-63	-392	239	-198	1	0	0
376	115	378	135	-74	15	1	0	0
-90	79	-174	97	44	-205	1	0	0
276	-36	254	-24	484	-140	1	0	0
-120	82	-154	-14	416	-298	1	0	0
-3	-16	-325	2	-283	-128	1	0	0
262	521	206	39	474	-245	1	0	0
-231	-84	-283	-534	-77	-308	1	0	0
-345	-25	-423	215	-433	385	1	0	0
79	69	85	-427	245	-485	1	0	0
167	-69	427	-11	535	53	1	0	0
41	50	257	-424	81	-438	1	0	0
272	-77	502	-85	318	-61	1	0	0
-178	245	112	-169	56	-135	1	0	0
29	271	69	401	-131	189	1	0	0
26	-454	86	-568	26	-204	1	0	0
-310	66	60	298	234	-74	1	0	0
178	-227	-340	-137	-192	257	1	0	0
-109	146	163	-108	267	-220	1	0	0
42	186	104	-94	-70	-204	1	0	0
93	181	141	3	93	245	1	0	0
-391	-171	-347	-201	-217	-15	1	0	0
23	-204	89	-368	151	-366	1	0	0
580	639	586	475	202	577	1	0	0
-507	304	-273	298	11	364	1	0	0
410	-566	244	-560	-6	-432	1	0	0
-460	48	-346	-144	-156	-8	1	0	0
248	162	122	134	148	238	1	0	0
274	649	184	467	226	-27	1	0	0
38	-559	130	101	-14	167	1	0	0
12	89	-72	-59	-138	173	1	0	0
-349	-29	-229	149	-17	3	1	0	0
-127	-75	-27	-327	251	-259	1	0	0
-271	-28	167	-246	787	-224	1	0	0
-7	-180	151	-92	211	-82	1	0	0
-65	250	29	242	-279	480	1	0	0
-50	-274	-290	-24	212	130	1	0	0
88	104	130	250	-400	182	1	0	0
80	124	-48	36	64	70	1	0	0
350	-145	-56	11	-408	195	1	0	0
-471	-498	-337	140	-423	188	1	0	0
556	-53	38	-117	-250	221	1	0	0
245	39	331	109	41	-179	1	0	0
185	-271	-93	-433	-313	-643	1	0	0
-93	-90	135	262	107	330	1	0	0
-164	475	4	297	282	-191	1	0	0
-247	-58	-67	-634	-9	-278	1	0	0
-8	222	154	-66	144	-14	1	0	0
-214	8	-204	80	266	-416	1	0	0
251	-221	497	-41	811	-115	1	0	0
127	16	-109	134	-239	320	1	0	0
-277	-330	141	-64	-91	-128	1	0	0
-222	-15	-22	-131	-82	21	1	0	0
-211	77	-145	369	-51	433	1	0	0
187	133	-107	191	-15	145	1	0	0
345	-157	633	-527	201	-223	1	0	0
126	-451	96	-267	-256	-145	1	0	0
-345	78	-163	-106	-77	-266	1	0	0
22	392	-226	490	-390	102	1	0	0
-38	334	-38	224	336	172	1	0	0
-150	-6	198	-134	180	392	1	0	0
-135	338	-375	24	-201	10	1	0	0
9	-46	313	356	277	344	1	0	0
2	533	-168	409	-94	-421	1	0	0
631	-601	199	-391	-1	-3	1	0	0
-204	88	-362	-338	-238	-312	1	0	0
307	339	37	295	-13	173	1	0	0
130	383	206	345	192	-45	1	0	0
69	-594	-163	-272	-147	354	1	0	0
-279	0	-525	186	-271	370	1	0	0
303	21	309	-87	155	-63	1	0	0
-78	506	-182	-80	38	-358	1	0	0
469	218	531	340	539	-242	1	0	0
-221	156	-191	-134	-127	-258	1	0	0
-12	-413	-224	283	-436	393	1	0	0
-455	-277	-657	137	-443	-11	1	0	0
-583	247	-119	175	-33	-381	1	0	0
-103	49	81	161	-79	-129	1	0	0
64	483	-330	145	-470	-255	1	0	0
119	-26	21	-140	-91	-10	1	0	0
-203	-4	-49	-48	269	124	1	0	0
-272	-60	288	-234	416	-226	1	0	0
100	252	-212	308	-566	656	1	0	0
-147	-196	-279	-12	61	-98	1	0	0
55	-352	245	-78	225	-150	1	0	0
-253	-218	-223	-324	-131	106	1	0	0
40	124	294	354	306	144	1	0	0
-517	-345	-341	355	-393	659	1	0	0
213	-773	-19	-281	-183	-169	1	0	0
302	11	-128	-61	-6	-257	1	0	0
375	414	141	282	-161	198	1	0	0
198	-199	80	-373	118	323	1	0	0
180	-246	150	-426	-26	-226	1	0	0
500	66	492	122	438	-22	1	0	0
-263	109	-171	217	229	377	1	0	0
793	54	497	40	51	-78	1	0	0
-310	367	-412	365	-290	-223	1	0	0
-290	-208	-78	-2	-86	114	1	0	0
-107	435	-49	409	29	-217	1	0	0
-17	-223	407	-321	437	-501	1	0	0
546	-429	184	-289	6	-311	1	0	0
234	521	22	381	64	81	1	0	0
-148	83	-100	475	-86	323	1	0	0
-688	-190	-638	-324	-250	-260	1	0	0
102	34	54	-98	-426	-12	1	0	0
-592	-352	280	-454	650	44	1	0	0
468	325	214	277	58	99	1	0	0
228	193	456	41	412	-155	1	0	0
-563	-66	-271	-194	249	-114	1	0	0
323	149	139	415	255	271	1	0	0
25	-71	-221	-235	-249	-269	1	0	0
146	-33	72	325	-78	89	1	0	0
-353	394	-469	-90	-65	-58	1	0	0
198	-95	50	119	8	187	1	0	0
50	448	-336	378	-236	96	1	0	0
240	70	268	268	166	364	1	0	0
55	289	99	351	-69	-287	1	0	0
110	-129	-84	19	82	55	1	0	0
498	-221	-188	-433	-42	-49	1	0	0
11	130	-167	40	-185	288	1	0	0
-199	-247	-173	-709	-453	-1001	1	0	0
-324	68	58	250	222	110	1	0	0
-489	636	129	468	665	-226	1	0	0
23	60	173	444	-183	42	1	0	0
-146	-245	-88	227	710	517	1	0	0
222	-42	-122	178	-650	198	1	0	0
-150	-154	12	-406	336	-484	1	0	0
-4	-170	-84	-272	-72	6	1	0	0
-32	269	-120	509	314	405	1	0	0
-310	-107	-204	367	-32	387	1	0	0
-403	-370	-51	-486	165	-270	1	0	0
-99	-35	-199	-205	-449	-317	1	0	0
-5	-345	177	-245	-45	-307	1	0	0
97	-125	91	-431	95	-289	1	0	0
-285	138	-93	2	45	-26	1	0	0
-106	-161	214	269	64	355	1	0	0
-306	-590	196	-334	246	8	1	0	0
119	-149	37	235	-161	181	1	0	0
-262	-176	-350	112	-146	-420	1	0	0
325	-46	457	-52	215	-136	1	0	0
10	339	76	193	-106	-167	1	0	0
-115	22	43	-116	-213	-572	1	0	0
44	148	222	324	-4	146	1	0	0
-207	399	-179	227	-27	-63	1	0	0
-161	321	51	-33	-233	35	1	0	0
-195	126	-379	276	-157	-28	1	0	0
152	-13	428	-295	460	-187	1	0	0
-252	281	-588	483	-292	243	1	0	0
-110	252	-118	170	-214	406	1	0	0
280	116	-312	72	-602	236	1	0	0
-290	-267	-24	-285	208	-211	1	0	0
334	129	342	129	486	-19	1	0	0
-340	-29	166	37	488	-187	1	0	0
-22	180	-16	390	4	80	1	0	0
-271	-473	-393	11	-291	485	1	0	0
49	-47	-133	-433	21	-285	1	0	0
97	272	-285	250	-519	-172	1	0	0
-115	-196	33	-368	-27	-108	1	0	0
57	-12	-35	94	-441	-146	1	0	0
116	-194	232	-166	276	-10	1	0	0
118	-48	-18	16	-278	180	1	0	0
100	-41	38	-279	-248	-711	1	0	0
40	405	108	83	56	-173	1	0	0
253	-382	-475	-80	-633	98	1	0	0
-772	-194	-132	138	388	28	1	0	0
223	-483	245	-785	-189	-369	1	0	0
57	465	-57	317	215	9	1	0	0
-279	92	-35	170	-153	188	1	0	0
-82	-357	-128	-23	286	-123	1	0	0
-163	-208	-219	-176	-303	-232	1	0	0
434	-154	198	-282	-146	12	1	0	0
-168	18	-232	372	-140	60	1	0	0
134	2	-64	230	164	562	1	0	0
-245	36	-361	-56	-15	-46	1	0	0
-73	-964	263	-434	405	-180	1	0	0
218	724	10	186	292	14	1	0	0
-103	-11	-255	75	-427	69	1	0	0
-73	49	187	-27	-59	25	1	0	0
-40	121	-432	177	-260	13	1	0	0
-162	-107	-240	79	198	265	1	0	0
-3	-512	325	-540	-7	-122	1	0	0
-118	650	-52	-46	-56	-316	1	0	0
454	8	546	-354	228	-230	1	0	0
-274	422	-30	346	-144	-36	1	0	0
127	590	-1	280	243	-76	1	0	0
-169	290	-167	66	-45	-180	1	0	0
-222	-315	-406	-597	-348	-879	1	0	0
463	511	307	529	307	-151	1	0	0
82	372	-288	-28	-254	-406	1	0	0
-98	-537	180	-109	-46	139	1	0	0
404	493	108	321	-108	79	1	0	0
3	-262	-7	76	37	478	1	0	0
2	-52	-44	-134	-154	-418	1	0	0
373	-117	-135	-311	-509	-159	1	0	0
-4	528	112	238	32	-70	1	0	0
-819	256	-633	208	-87	148	1	0	0
-335	-126	33	106	315	-182	1	0	0
-124	241	-280	105	262	351	1	0	0
-551	-3	-839	-121	-277	-231	1	0	0
221	-157	549	-159	103	-343	1	0	0
-326	437	-260	429	-146	51	1	0	0
-444	-107	108	157	12	229	1	0	0
223	232	245	-60	187	-464	1	0	0
-126	132	230	-10	290	-114	1	0	0
-630	406	18	568	292	480	1	0	0
-326	-704	-128	-600	-324	-440	1	0	0
519	220	621	-164	487	-112	1	0	0
-111	760	-35	676	21	216	1	0	0
204	-327	32	-51	-306	-227	1	0	0
-332	26	-12	36	-196	348	1	0	0
-473	-107	47	-353	345	-81	1	0	0
-335	589	-349	317	-143	171	1	0	0
156	181	-144	-45	-328	-321	1	0	0
-109	314	81	442	247	528	1	0	0
-69	191	-95	-61	-155	-599	1	0	0
6	-240	12	104	-176	328	1	0	0
-10	-644	42	140	-6	548	1	0	0
259	-22	-63	-114	-155	-48	1	0	0
261	-194	231	240	479	438	1	0	0
-730	-469	-542	-719	-392	-659	1	0	0
446	186	344	-136	354	-266	1	0	0
105	265	-31	313	175	349	1	0	0
287	-91	-313	-167	-541	-163	1	0	0
40	-103	266	-251	-2	-499	1	0	0
226	-79	128	-261	142	-3	1	0	0
-152	-39	-272	-469	10	-139	1	0	0
-58	370	-4	132	148	-270	1	0	0
-290	-40	-162	44	-184	98	1	0	0
151	-98	525	-268	51	-152	1	0	0
-90	-23	-178	-169	316	-349	1	0	0
24	337	50	409	-90	1	1	0	0
178	112	310	150	-104	-30	1	0	0
-127	109	249	-161	643	53	1	0	0
231	223	59	-39	75	-297	1	0	0
-730	-97	-428	-195	-2	11	1	0	0
257	348	79	350	-41	412	1	0	0
-286	71	222	-325	170	-367	1	0	0
-62	-56	-38	22	-440	-248	1	0	0
206	-152	400	-182	80	-146	1	0	0
-97	-662	-143	-286	137	-140	1	0	0
-178	469	128	633	218	173	1	0	0
-114	109	-84	39	-94	211	1	0	0
-100	-122	78	74	264	-122	1	0	0
327	-171	263	83	161	-65	1	0	0
-445	35	-307	-145	-111	1	1	0	0
-63	92	-33	-328	-83	-508	1	0	0
751	396	513	282	443	16	1	0	0
-236	87	-520	259	-56	281	1	0	0
-80	-304	-52	56	90	-66	1	0	0
136	-296	-170	54	-278	166	1	0	0
266	-544	-2	-332	-254	292	1	0	0
390	345	238	79	346	-237	1	0	0
22	-487	-134	-321	-192	-367	1	0	0
112	266	126	102	-152	178	1	0	0
-289	75	-61	513	-381	653	1	0	0
-73	47	-357	47	-219	-25	1	0	0
-77	220	-187	462	-1	264	1	0	0
-343	-446	-345	-286	-61	-148	1	0	0
4	155	54	119	-66	303	1	0	0
22	92	-418	94	-626	68	1	0	0
-315	-453	-19	-489	239	-151	1	0	0
156	118	104	-230	216	-162	1	0	0
76	1	380	15	562	17	1	0	0
-554	433	-312	513	30	477	1	0	0
59	-718	229	-228	407	-138	1	0	0
62	228	34	246	-118	346	1	0	0
-329	-409	-15	75	53	-59	1	0	0
87	-174	-33	-84	405	12	1	0	0
417	130	463	492	315	272	1	0	0
-150	-235	-48	15	-114	-229	1	0	0
-480	-224	-394	294	-118	312	1	0	0
-198	376	-202	-58	246	-184	1	0	0
261	185	-241	417	-97	269	1	0	0
-242	107	196	49	384	435	1	0	0
232	149	-96	-79	-428	-303	1	0	0
-92	-45	-230	653	128	811	1	0	0
244	-502	314	-634	234	-492	1	0	0
619	87	465	431	373	355	1	0	0
-869	-292	-701	-212	33	-292	1	0	0
311	-260	293	230	31	158	1	0	0
-154	863	-130	501	286	107	1	0	0
-147	-367	-261	-49	-269	-47	1	0	0
588	276	398	240	402	436	1	0	0
-126	-194	-346	170	-286	428	1	0	0
46	145	182	-15	98	-403	1	0	0
476	15	464	145	-194	299	1	0	0
-243	492	-261	-24	-55	-140	1	0	0
-114	76	-438	374	-338	180	1	0	0
-115	-197	71	21	207	15	1	0	0
-89	-117	-217	-317	-133	-115	1	0	0
419	-100	-269	68	-205	8	1	0	0
434	359	518	469	92	175	1	0	0
15	-149	243	-239	217	-127	1	0	0
-170	-166	-60	96	178	200	1	0	0
492	-30	112	162	-298	-186	1	0	0
-76	-99	-334	-437	24	-181	1	0	0
151	136	37	168	-3	10	1	0	0
155	-18	309	-188	-1	-156	1	0	0
96	146	-190	238	-266	202	1	0	0
97	-81	203	-115	433	-57	1	0	0
227	73	29	537	-205	279	1	0	0
-206	-271	-190	-357	90	-13	1	0	0
378	105	196	79	-58	83	1	0	0
451	54	347	154	125	400	1	0	0
-202	162	106	64	42	-4	1	0	0
320	-326	366	-294	24	88	1	0	0
106	175	-124	423	-166	289	1	0	0
21	-88	467	-264	361	-168	1	0	0
33	286	-215	362	-213	232	1	0	0
436	-106	446	-52	344	-36	1	0	0
217	425	-23	-69	-45	83	1	0	0
-280	-134	-20	-430	50	-228	1	0	0
354	235	-204	121	-306	-185	1	0	0
346	263	778	271	430	45	1	0	0
9	428	-153	-142	139	-98	1	0	0
14	122	36	-34	-42	-428	1	0	0
541	39	493	21	41	177	1	0	0
-115	-294	-507	-232	-195	-38	1	0	0
-41	416	53	20	663	-150	1	0	0
-105	90	151	-56	-59	-48	1	0	0
-352	126	-310	194	-142	328	1	0	0
41	85	-69	-259	289	-71	1	0	0
335	-267	47	-135	-89	71	1	0	0
400	-401	118	-551	104	-97	1	0	0
180	-475	240	-757	284	-879	1	0	0
-209	172	-139	76	119	4	1	0	0
96	484	96	408	-276	226	1	0	0
-148	340	-60	142	370	-24	1	0	0
-20	-556	-86	-414	-70	-48	1	0	0
63	-220	33	90	-107	92	1	0	0
-129	-66	-77	420	-377	6	1	0	0
302	-142	492	316	308	328	1	0	0
-246	-220	-384	164	304	400	1	0	0
301	-129	51	1	-101	29	1	0	0
736	-71	78	-335	-252	105	1	0	0
132	-299	-48	-495	-140	-265	1	0	0
179	90	281	38	691	-512	1	0	0
-259	-161	-657	-61	-737	139	1	0	0
-250	-280	56	-434	-134	-298	1	0	0
-266	244	-168	84	-388	172	1	0	0
-41	-272	353	-258	313	-188	1	0	0
-427	-174	-169	-434	325	-586	1	0	0
-125	288	41	90	105	-82	1	0	0
128	6	-102	-102	-358	-142	1	0	0
401	-53	687	133	239	-395	1	0	0
-190	-119	-268	-99	-20	257	1	0	0
242	53	-60	-311	-480	-259	1	0	0
364	-81	184	109	-458	23	1	0	0
-3	113	-31	-101	187	-85	1	0	0
18	168	-442	154	-440	-234	1	0	0
-80	-214	-102	-138	124	208	1	0	0
391	206	111	-248	131	-144	1	0	0
302	519	38	493	64	-57	1	0	0
172	139	772	107	674	-141	1	0	0
316	196	480	134	720	252	1	0	0
-9	165	-163	597	-375	523	1	0	0
-167	-521	-43	-291	-53	455	1	0	0
-50	217	-44	255	-60	559	1	0	0
399	-60	287	-248	-121	-348	1	0	0
-131	123	-107	505	261	509	1	0	0
156	146	-206	-96	198	-374	1	0	0
50	-28	98	10	-58	62	1	0	0
159	510	-29	472	-85	316	1	0	0
-288	-163	-222	-179	-72	-175	1	0	0
144	-231	466	-549	-86	-43	1	0	0
-118	132	-262	-294	-428	58	1	0	0
285	-83	229	-13	217	-99	1	0	0
89	411	203	77	399	-245	1	0	0
-317	-48	-217	44	307	14	1	0	0
165	-78	-439	138	-447	232	1	0	0
-310	245	-222	-83	236	-325	1	0	0
0	-274	-20	-10	-8	124	1	0	0
-294	458	-56	268	-2	322	1	0	0
94	-267	16	-431	12	-769	1	0	0
214	327	-22	17	-474	273	1	0	0
256	-185	192	-71	-174	-39	1	0	0
-202	108	8	116	304	122	1	0	0
-343	-221	-245	-211	-307	155	1	0	0
28	-366	154	42	618	234	1	0	0
-269	52	-71	132	115	432	1	0	0
-279	-140	-245	-138	-15	212	1	0	0
204	29	234	213	146	289	1	0	0
54	202	6	8	102	-258	1	0	0
31	-157	-27	-269	369	-235	1	0	0
64	435	94	101	350	37	1	0	0
-270	-61	-402	-97	-132	289	1	0	0
84	43	-206	35	-348	-97	1	0	0
-76	-78	206	-180	588	-102	1	0	0
-134	-238	-372	424	-136	346	1	0	0
-67	-275	127	-379	469	-299	1	0	0
-117	-282	481	-34	327	-158	1	0	0
-237	4	-607	6	-233	178	1	0	0
134	-213	410	-319	390	-119	1	0	0
-304	108	-260	514	-90	210	1	0	0
98	-330	-64	-154	-72	-398	1	0	0
104	-38	-34	226	-258	-378	1	0	0
-354	-139	-70	-171	302	-29	1	0	0
-96	139	276	-135	-106	-371	1	0	0
-131	59	1	-217	11	-425	1	0	0
-168	200	216	-194	270	-292	1	0	0
83	203	23	255	135	273	1	0	0
-361	502	-13	458	89	-214	1	0	0
315	-100	365	250	339	556	1	0	0
174	-87	116	249	348	333	1	0	0
87	193	-7	325	209	327	1	0	0
234	-16	32	-56	-258	76	1	0	0
212	492	100	262	-4	-224	1	0	0
-80	-253	76	-361	172	-251	1	0	0
-320	73	-274	-623	494	-651	1	0	0
19	6	271	160	-95	552	1	0	0
-112	286	-56	-148	342	-94	1	0	0
587	-37	523	-125	115	47	1	0	0
-867	190	-399	-240	93	-272	1	0	0
193	-272	57	-62	-131	60	1	0	0
-13	326	-111	178	-117	-162	1	0	0
-55	155	59	147	-31	315	1	0	0
310	344	176	166	100	-280	1	0	0
-326	10	162	32	296	598	1	0	0
356	-561	166	-297	-88	123	1	0	0
233	-106	-17	-454	45	-488	1	0	0
-63	-298	233	236	321	502	1	0	0
-18	166	-80	-286	254	10	1	0	0
-9	-289	-305	-303	-263	245	1	0	0
129	278	-73	48	-155	-92	1	0	0
26	-687	202	-489	30	131	1	0	0
298	375	-68	-259	-240	-573	1	0	0
-293	247	169	299	203	265	1	0	0
58	-748	122	-328	-390	4	1	0	0
244	274	126	82	546	-702	1	0	0
-302	159	-70	141	18	301	1	0	0
-491	474	-251	76	-165	374	1	0	0
133	-66	-259	-88	-287	-308	1	0	0
426	308	550	148	460	-104	1	0	0
-383	315	-133	613	281	587	1	0	0
338	-86	-142	2	-202	-72	1	0	0
144	-75	404	-119	194	81	1	0	0
174	-13	342	-335	462	-91	1	0	0
-371	527	195	495	313	337	1	0	0
14	-342	162	42	176	466	1	0	0
-268	-38	-646	106	-544	20	1	0	0
39	-332	123	154	195	238	1	0	0
-131	-330	307	-62	505	118	1	0	0
-95	-36	-191	152	-41	248	1	0	0
-244	20	-254	-324	-122	-162	1	0	0
-61	-181	-507	-41	-553	-49	1	0	0
271	-165	-107	-417	-389	-407	1	0	0
452	-371	380	-223	230	-345	1	0	0
212	-479	188	-349	-120	287	1	0	0
117	184	-357	258	-225	-20	1	0	0
74	62	240	112	164	-200	1	0	0
0	338	228	30	94	362	1	0	0
-530	-171	-426	-39	-206	75	1	0	0
175	114	-59	-40	95	-270	1	0	0
-161	298	-299	728	145	452	1	0	0
-316	304	-256	120	20	-150	1	0	0
-28	-160	342	138	526	292	1	0	0
-341	585	-199	257	-91	-35	1	0	0
-516	81	-502	29	-102	-63	1	0	0
-106	-257	108	139	-94	687	1	0	0
-353	-434	-385	-294	-383	-38	1	0	0
-141	217	-175	87	9	233	1	0	0
276	270	202	-126	248	116	1	0	0
-213	-262	-481	162	-465	-114	1	0	0
-243	-66	-177	142	-83	-88	1	0	0
253	58	-23	430	205	748	1	0	0
-187	-139	33	-23	-37	59	1	0	0
-94	122	-588	174	-160	128	1	0	0
343	445	409	289	289	311	1	0	0
224	587	228	77	-72	-183	1	0	0
-86	-83	-372	193	-190	285	1	0	0
-100	563	-2	-55	-100	-701	1	0	0
-361	-11	279	-69	419	313	1	0	0
-496	434	-266	334	40	308	1	0	0
6	-336	-252	8	-474	174	1	0	0
369	88	-403	-2	-589	-194	1	0	0
-75	-130	-155	-168	-57	132	1	0	0
-374	-48	-130	252	-280	372	1	0	0
84	-254	330	-18	0	182	1	0	0
331	-239	-469	-461	-701	-289	1	0	0
378	-35	348	69	256	679	1	0	0
-306	-197	-434	-35	-602	65	1	0	0
-135	-324	-159	-188	-249	480	1	0	0
249	-77	-427	49	-315	-427	1	0	0
138	-142	316	-220	222	214	1	0	0
-234	-14	-396	-670	-24	-654	1	0	0
515	338	281	22	-287	16	1	0	0
-898	583	-388	583	4	49	1	0	0
-216	-89	-544	-297	-460	-455	1	0	0
206	-194	354	-4	428	124	1	0	0
317	145	145	-417	-227	-155	1	0	0
274	613	204	123	362	47	1	0	0
-447	24	-313	382	-265	374	1	0	0
-235	186	-207	164	123	80	1	0	0
65	-63	-125	-109	73	-169	1	0	0
336	-316	324	-402	212	-38	1	0	0
322	84	484	102	746	-214	1	0	0
288	-271	-48	-247	-498	-269	1	0	0
214	53	396	13	422	-129	1	0	0
-212	-217	-166	17	50	527	1	0	0
-500	226	-468	598	-482	-12	1	0	0
-35	-589	257	-985	183	-833	1	0	0
169	120	-179	158	-15	150	1	0	0
235	-428	371	-320	311	-192	1	0	0
-251	50	-535	-120	-343	-182	1	0	0
55	183	91	-253	-211	-429	1	0	0
80	-120	312	10	-10	492	1	0	0
-43	113	-235	161	-263	205	1	0	0
102	323	56	-489	264	-55	1	0	0
262	471	198	345	-130	-343	1	0	0
-200	145	84	321	64	-69	1	0	0
198	-62	182	-506	116	-646	1	0	0
-131	-113	-107	179	-201	95	1	0	0
-251	-127	-297	-31	-397	-133	1	0	0
275	132	359	-222	271	-114	1	0	0
-23	600	-3	314	167	176	1	0	0
-103	199	263	-353	215	-301	1	0	0
164	76	274	-186	218	-326	1	0	0
-186	448	-118	-20	-340	-354	1	0	0
-382	-141	-286	-53	-44	503	1	0	0
-132	51	186	163	312	37	1	0	0
-202	-153	228	-211	206	85	1	0	0
-99	55	33	49	81	27	1	0	0
174	-252	-48	-118	-174	-170	1	0	0
-327	-61	189	137	381	55	1	0	0
217	-524	-367	-86	-421	300	1	0	0
-67	118	-33	-356	-239	-350	1	0	0
14	121	-68	-279	-90	-943	1	0	0
317	123	199	23	3	355	1	0	0
20	-168	-328	-258	-384	-270	1	0	0
-204	-3	14	91	-124	83	1	0	0
172	-51	154	259	142	661	1	0	0
98	-69	472	-157	212	49	1	0	0
-348	-18	-192	22	294	-250	1	0	0
-260	-378	154	-326	-64	242	1	0	0
-383	17	-223	-193	-389	-23	1	0	0
253	-496	-109	-368	49	80	1	0	0
257	656	163	-82	585	-188	1	0	0
-301	-206	101	192	333	178	1	0	0
-253	249	-397	233	-507	-61	1	0	0
-108	224	-52	252	12	30	1	0	0
202	-275	286	-305	348	-233	1	0	0
26	-39	-72	675	-70	621	1	0	0
5	-22	-79	88	-223	176	1	0	0
-20	-190	238	38	38	208	1	0	0
-28	-110	-420	-30	-712	76	1	0	0
53	-191	331	-515	-305	107	1	0	0
-121	44	-193	16	-255	12	1	0	0
407	-270	337	144	-197	70	1	0	0
-556	3	-134	-125	564	-87	1	0	0
129	-157	-627	77	-751	-241	1	0	0
566	-196	468	-120	268	146	1	0	0
-284	622	66	436	278	246	1	0	0
204	-481	16	-61	-156	421	1	0	0
27	-606	-243	-330	-233	324	1	0	0
546	248	154	382	-352	46	1	0	0
278	-412	-18	-224	44	170	1	0	0
5	-389	-83	-481	-181	-311	1	0	0
444	137	364	583	132	-157	1	0	0
328	-379	360	377	116	243	1	0	0
78	383	164	97	130	-79	1	0	0
31	-421	-249	-111	-215	131	1	0	0
-468	-172	-960	8	-788	242	1	0	0
650	-74	598	-452	358	-408	1	0	0
313	-174	331	-66	359	130	1	0	0
167	-100	-233	-108	-389	40	1	0	0
95	534	309	222	459	-104	1	0	0
-220	-162	-230	-64	-76	-248	1	0	0
447	63	-147	313	-125	313	1	0	0
-229	-478	-75	-452	195	-386	1	0	0
482	-23	158	-491	-428	-389	1	0	0
-250	-45	130	-271	536	-487	1	0	0
261	355	393	-161	537	265	1	0	0
152	46	-430	334	-658	-70	1	0	0
-101	161	25	331	-7	553	1	0	0
-173	-92	-297	-88	-79	354	1	0	0
183	480	99	570	-3	-86	1	0	0
85	-766	179	-670	153	-462	1	0	0
-10	-206	-34	62	190	240	1	0	0
-442	80	-264	-18	80	18	1	0	0
293	218	239	42	223	-260	1	0	0
50	49	174	-13	-58	287	1	0	0
-260	209	-318	5	-102	-303	1	0	0
391	-27	449	181	37	-59	1	0	0
61	257	49	7	53	73	1	0	0
16	-124	-74	-248	-258	-160	1	0	0
-366	-277	-330	-103	-198	117	1	0	0
237	-116	-181	286	39	596	1	0	0
-91	-4	-105	94	-15	-436	1	0	0
297	-117	-85	171	-227	595	1	0	0
-452	-180	-404	-378	-342	-192	1	0	0
129	155	325	-301	241	-167	1	0	0
312	-357	-84	-147	164	175	1	0	0
214	325	434	47	62	-209	1	0	0
-226	244	-110	436	-12	190	1	0	0
-225	-463	-297	-9	21	83	1	0	0
626	156	602	398	316	28	1	0	0
-257	84	187	-92	473	-226	1	0	0
-457	86	131	212	-281	534	1	0	0
-23	-50	-153	80	391	198	1	0	0
538	-10	448	172	306	430	1	0	0
-172	6	-468	268	-2	576	1	0	0
-319	215	-435	-119	-305	41	1	0	0
-668	-211	-470	-303	62	-367	1	0	0
278	325	244	257	74	203	1	0	0
191	-382	207	-480	-281	-466	1	0	0
203	-65	493	-313	337	-229	1	0	0
380	250	286	82	250	26	1	0	0
-453	-392	-299	-720	45	-514	1	0	0
141	284	-181	38	-371	-182	1	0	0
-246	117	168	3	152	173	1	0	0
-446	-86	-502	-314	-380	-318	1	0	0
526	140	728	64	148	-178	1	0	0
-241	127	205	-13	139	-51	1	0	0
222	73	442	427	80	341	1	0	0
-151	232	149	-12	-25	164	1	0	0
135	412	-115	466	87	86	1	0	0
421	-127	389	507	153	471	1	0	0
-156	-130	54	44	436	-78	1	0	0
-323	292	-171	466	-93	-188	1	0	0
-158	63	-164	-41	-208	-493	1	0	0
-580	135	-316	221	270	5	1	0	0
-144	154	-474	276	-840	132	1	0	0
-316	-476	86	-414	348	-408	1	0	0
149	257	-135	263	-59	95	1	0	0
-15	-30	-215	-304	-195	-210	1	0	0
203	342	181	16	249	340	1	0	0
-33	-62	51	-312	75	-44	1	0	0
-245	-275	-675	79	-277	107	1	0	0
1082	18	592	-216	140	-260	1	0	0
16	492	-322	484	-558	170	1	0	0
-40	103	-190	-81	-6	-361	1	0	0
134	289	-254	283	-238	-5	1	0	0
-264	-248	144	-6	48	184	1	0	0
-196	-126	44	-100	-306	82	1	0	0
281	-479	297	-219	-135	-179	1	0	0
334	-245	228	-37	-22	-111	1	0	0
-93	-206	299	158	341	558	1	0	0
315	448	-319	334	-409	524	1	0	0
-223	211	-167	71	-65	9	1	0	0
-182	-270	-102	154	294	154	1	0	0
-42	506	-16	206	90	440	1	0	0
-254	-111	-200	205	-488	321	1	0	0
240	163	24	305	-132	-11	1	0	0
240	-149	76	45	44	85	1	0	0
88	114	260	-144	378	-84	1	0	0
-78	-146	-580	-68	-312	416	1	0	0
216	147	136	-107	-108	9	1	0	0
413	124	297	-240	-43	-396	1	0	0
-185	-272	115	-72	387	268	1	0	0
47	117	19	407	315	77	1	0	0
517	-119	333	239	-345	181	1	0	0
-124	456	24	-88	-68	-128	1	0	0
-594	-199	-652	-309	-336	-513	1	0	0
354	129	-22	-13	-134	105	1	0	0
472	-377	348	-25	266	23	1	0	0
514	-56	576	-142	154	150	1	0	0
-136	-322	-414	-172	-364	358	1	0	0
-76	-139	-146	-167	294	-141	1	0	0
-39	160	-23	-318	-403	-482	1	0	0
-333	-180	119	-224	167	-62	1	0	0
544	196	794	354	524	-34	1	0	0
-135	161	-27	-13	43	119	1	0	0
114	26	-58	240	-212	212	1	0	0
98	593	-14	147	134	17	1	0	0
292	-79	140	-43	-208	-59	1	0	0
-75	316	-143	44	79	-12	1	0	0
34	-520	-30	-176	-10	456	1	0	0
196	-140	-108	-48	-424	-356	1	0	0
-53	21	21	31	371	333	1	0	0
-41	-146	-419	272	-187	-4	1	0	0
-387	168	-339	-114	-79	234	1	0	0
-249	-87	-117	141	-119	203	1	0	0
51	123	81	283	263	329	1	0	0
236	146	-84	-314	-236	-388	1	0	0
-63	114	29	158	-159	166	1	0	0
-108	-85	262	35	264	139	1	0	0
139	-234	-325	-440	-223	-186	1	0	0
-452	374	-296	224	258	72	1	0	0
86	-2	-408	-278	-262	8	1	0	0
43	-339	-413	-27	-127	211	1	0	0
143	246	121	-58	-83	-126	1	0	0
-264	295	-350	147	-332	-1	1	0	0
62	97	78	25	178	81	1	0	0
-35	537	-41	209	-39	-257	1	0	0
232	300	152	168	-78	-362	1	0	0
150	-25	-346	7	-352	-173	1	0	0
207	132	67	212	297	378	1	0	0
-187	-560	277	-198	249	202	1	0	0
-38	310	70	354	22	72	1	0	0
-490	248	-64	402	18	218	1	0	0
-27	85	65	199	195	221	1	0	0
35	384	345	384	301	240	1	0	0
-264	-173	-150	-335	100	-249	1	0	0
-412	19	108	-111	248	-175	1	0	0
-343	-159	-653	-3	-311	201	1	0	0
-512	40	192	-134	434	16	1	0	0
-109	210	-53	-272	-149	-128	1	0	0
183	-122	231	-334	215	-548	1	0	0
-107	132	-73	10	77	62	1	0	0
-18	-132	-154	208	16	156	1	0	0
134	288	120	-204	-298	-210	1	0	0
-38	-246	-376	84	-516	-206	1	0	0
-135	-30	-237	60	-241	280	1	0	0
152	23	-90	243	136	165	1	0	0
540	-255	488	35	166	-13	1	0	0
-283	-97	-175	-533	-231	-729	1	0	0
124	258	574	234	184	116	1	0	0
-210	358	60	122	-40	-350	1	0	0
-97	250	-31	344	153	80	1	0	0
559	252	321	40	103	-364	1	0	0
-78	240	-228	468	-78	-64	1	0	0
-447	-301	-227	-247	13	129	1	0	0
166	-108	-238	-106	-48	240	1	0	0
309	44	131	-122	-75	-540	1	0	0
796	-271	298	-241	104	331	1	0	0
-208	5	-240	61	-116	51	1	0	0
-100	154	-136	-72	332	56	1	0	0
-307	-35	-285	-97	-249	-13	1	0	0
-25	-27	-65	-139	19	-135	1	0	0
605	-84	263	128	-191	242	1	0	0
39	150	371	-72	493	-314	1	0	0
-221	456	151	556	675	536	1	0	0
-444	-134	-398	-246	-342	-50	1	0	0
76	-438	-162	-74	166	90	1	0	0
-205	244	-111	-12	-137	66	1	0	0
-336	-79	324	-173	294	-395	1	0	0
-156	-85	-90	105	16	199	1	0	0
123	341	163	-209	129	-75	1	0	0
-19	259	-445	-197	-407	-341	1	0	0
-8	358	44	560	-198	404	1	0	0
125	-120	-15	-200	147	-74	1	0	0
-119	-110	-271	104	-225	310	1	0	0
296	-445	58	253	-366	-115	1	0	0
-398	330	-218	24	-150	-156	1	0	0
18	-60	-106	188	-230	46	1	0	0
-83	132	-311	-90	-275	-72	1	0	0
336	209	84	-41	-302	225	1	0	0
-251	78	-185	74	-47	-50	1	0	0
-333	195	-559	565	-73	593	1	0	0
295	-215	113	-267	-145	-551	1	0	0
212	104	188	-122	130	-122	1	0	0
565	140	-55	80	-203	236	1	0	0
39	-68	241	-128	-139	174	1	0	0
8	173	-26	-57	-144	-37	1	0	0
162	-54	124	-164	236	-270	1	0	0
294	-480	-34	-142	-128	182	1	0	0
173	13	-3	-351	-129	-391	1	0	0
-399	-162	-245	84	261	252	1	0	0
-771	230	-525	142	-241	-228	1	0	0
71	-273	-9	-209	91	-181	1	0	0
131	1	-17	-251	-341	35	1	0	0
-92	48	-84	72	44	240	1	0	0
-196	-517	-296	-471	-152	243	1	0	0
64	-209	-62	157	24	177	1	0	0
-94	317	-204	125	88	-183	1	0	0
-400	-180	308	-190	378	32	1	0	0
-170	134	164	8	-6	-82	1	0	0
285	-63	97	-181	-85	-19	1	0	0
-250	-127	154	-73	44	-127	1	0	0
-325	250	-365	90	-33	-124	1	0	0
129	94	-75	-142	219	-596	1	0	0
-27	201	-61	-31	-229	209	1	0	0
-488	50	-614	-136	-408	-170	1	0	0
624	-493	544	-179	410	143	1	0	0
-156	-123	-120	-217	102	-47	1	0	0
130	-13	140	499	230	123	1	0	0
-258	250	-112	66	460	304	1	0	0
398	-252	306	-178	-218	28	1	0	0
208	-396	80	-558	8	-82	1	0	0
290	-227	62	75	-228	-75	1	0	0
-25	50	89	210	-75	424	1	0	0
103	594	-635	114	-399	-410	1	0	0
-139	-217	-301	49	-65	49	1	0	0
123	-365	89	87	-151	329	1	0	0
-130	-332	-132	-256	-34	-126	1	0	0
144	129	504	-383	110	-373	1	0	0
-146	303	76	263	230	227	1	0	0
-130	-302	-84	-322	194	-336	1	0	0
953	345	505	529	157	249	1	0	0
-252	-92	-398	92	242	-28	1	0	0
-262	-599	-130	-281	-28	-63	1	0	0
423	-136	461	232	577	210	1	0	0
-517	84	-485	396	-423	316	1	0	0
-262	-202	266	-34	422	-102	1	0	0
55	-151	147	7	-117	141	1	0	0
272	-46	202	-170	168	-190	1	0	0
40	-109	-166	-199	374	-137	1	0	0
-486	-39	-190	-111	256	-263	1	0	0
457	62	125	-118	-81	-296	1	0	0
-200	98	-244	120	-12	290	1	0	0
192	0	140	-178	-98	-584	1	0	0
-240	-207	-18	329	34	-141	1	0	0
9	-62	65	182	157	344	1	0	0
3	470	-125	172	-255	-264	1	0	0
-247	-723	-133	-669	-331	-341	1	0	0
103	41	-353	-163	-377	-127	1	0	0
-292	-246	190	128	282	338	1	0	0
0	249	-66	405	-220	185	1	0	0
-388	-213	-182	53	-84	-9	1	0	0
49	-480	-363	-312	-507	-298	1	0	0
170	186	190	340	102	-234	1	0	0
-588	-166	-276	132	220	338	1	0	0
-62	-137	-230	-81	12	-207	1	0	0
31	438	41	106	-103	-82	1	0	0
-500	-171	-450	-339	244	-71	1	0	0
335	-345	123	-817	-391	-255	1	0	0
195	-235	161	-185	-265	139	1	0	0
124	364	-4	-390	-222	-582	1	0	0
-271	226	-5	308	-39	26	1	0	0
-257	-374	-237	-522	-247	-450	1	0	0
415	160	475	336	-171	56	1	0	0
-128	432	-114	56	-304	-176	1	0	0
-400	-258	-170	-490	278	-218	1	0	0
297	87	393	185	201	597	1	0	0
328	195	98	259	100	-219	1	0	0
102	121	164	171	154	83	1	0	0
-11	-307	-175	-379	-367	-493	1	0	0
183	193	67	-141	77	-343	1	0	0
420	154	192	110	-98	-126	1	0	0
-195	-178	-145	38	-101	-148	1	0	0
-345	250	-9	334	215	82	1	0	0
-165	244	-87	104	-761	-110	1	0	0
-80	-106	244	-80	94	-32	1	0	0
60	202	102	262	-24	-154	1	0	0
-304	-108	-18	-148	-20	-288	1	0	0
25	74	-239	374	15	126	1	0	0
190	193	530	195	260	-51	1	0	0
196	-99	664	271	548	209	1	0	0
-509	165	-563	7	-329	-143	1	0	0
176	30	208	366	142	392	1	0	0
-528	-505	-230	-117	174	145	1	0	0
-159	-50	-45	-30	-193	-120	1	0	0
299	144	305	62	119	240	1	0	0
-106	-48	-214	-94	-152	-62	1	0	0
-97	187	-1	-7	361	5	1	0	0
12	70	328	112	420	158	1	0	0
215	148	351	102	591	-20	1	0	0
-64	-45	2	97	360	97	1	0	0
-432	-507	-306	-335	-34	291	1	0	0
469	75	283	175	-227	263	1	0	0
-75	-109	-125	47	395	-187	1	0	0
64	533	74	655	362	481	1	0	0
-289	-194	-231	-64	-107	-66	1	0	0
263	334	221	74	-277	-114	1	0	0
142	130	-114	74	-316	76	1	0	0
-116	286	-118	256	-94	76	1	0	0
-206	-310	-380	-194	-486	-160	1	0	0
-87	20	97	90	-91	-54	1	0	0
4	193	98	-83	56	-111	1	0	0
658	417	620	253	298	139	1	0	0
-3	191	25	53	77	-245	1	0	0
63	49	55	173	-113	89	1	0	0
50	150	176	280	112	342	1	0	0
-295	278	119	-24	341	-484	1	0	0
525	-306	17	-38	-157	102	1	0	0
51	115	-59	-289	177	-99	1	0	0
150	616	72	234	-268	212	1	0	0
-296	-636	-168	-574	122	-312	1	0	0
-39	-222	-167	24	-35	-320	1	0	0
-206	-57	-152	-205	138	-203	1	0	0
119	90	327	346	-115	662	1	0	0
71	31	17	-303	-83	-335	1	0	0
-155	513	-49	269	-113	-61	1	0	0
566	212	248	80	-236	232	1	0	0
-25	-114	-183	394	-45	464	1	0	0
-103	186	-183	-408	-369	-594	1	0	0
372	-369	196	-263	382	-7	1	0	0
46	-34	188	-184	56	-32	1	0	0
-202	160	-82	16	160	-274	1	0	0
81	-480	159	-14	509	250	1	0	0
-387	380	3	130	-61	-16	1	0	0
115	-140	113	-158	-223	-262	1	0	0
173	-163	153	-261	171	-119	1	0	0
409	319	-399	-355	-431	-11	1	0	0
138	-60	166	-62	120	76	1	0	0
175	252	215	246	67	-40	1	0	0
-510	303	-254	97	-326	-89	1	0	0
-366	-421	186	-61	252	55	1	0	0
-244	370	126	72	602	266	1	0	0
-314	112	86	382	240	-260	1	0	0
33	12	141	182	77	430	1	0	0
-758	-87	-836	-51	-472	341	1	0	0
213	-462	-179	-488	-553	-478	1	0	0
479	121	539	189	507	293	1	0	0
-529	-21	-559	147	-295	-167	1	0	0
-122	-254	104	-274	-20	-124	1	0	0
-121	592	-11	298	197	-346	1	0	0
358	-97	146	-391	-118	-353	1	0	0
40	91	28	95	-12	37	1	0	0
12	66	164	288	600	38	1	0	0
-378	306	-242	724	108	326	1	0	0
134	-284	188	-332	14	-270	1	0	0
402	-225	36	311	142	383	1	0	0
445	-208	371	-270	-305	-338	1	0	0
541	-247	83	-373	-91	-253	1	0	0
143	-349	249	-245	-409	-17	1	0	0
-143	123	-297	163	-317	135	1	0	0
-62	539	-74	429	406	-141	1	0	0
-102	-47	-118	-405	340	-207	1	0	0
-424	149	-938	-143	-540	183	1	0	0
668	88	262	-146	-558	-82	1	0	0
-295	-83	-157	235	47	191	1	0	0
300	-288	538	-26	226	100	1	0	0
-4	155	56	261	68	275	1	0	0
-455	94	-691	28	35	-440	1	0	0
217	-688	339	-354	313	-98	1	0	0
-118	-16	-6	-152	-202	-134	1	0	0
21	-183	335	61	603	251	1	0	0
-281	114	-577	134	-55	-30	1	0	0
126	-341	96	-531	-2	-719	1	0	0
48	155	20	-39	-176	-253	1	0	0
-148	-250	56	-236	-166	-10	1	0	0
-162	256	-520	316	-248	-388	1	0	0
-150	140	194	60	356	-112	1	0	0
228	-343	382	-105	410	123	1	0	0
-189	-452	-249	-478	-163	84	1	0	0
149	-76	-9	146	-219	506	1	0	0
-51	-7	47	75	311	195	1	0	0
33	175	125	211	177	105	1	0	0
-711	-202	-323	-226	125	-156	1	0	0
6	107	-304	-213	-522	-49	1	0	0
356	-493	-56	-471	-136	-349	1	0	0
342	-82	470	-262	82	-176	1	0	0
-178	80	94	-18	270	-186	1	0	0
-252	-76	164	246	180	118	1	0	0
-152	247	196	25	318	-47	1	0	0
-219	366	-305	128	-335	-140	1	0	0
546	-171	390	39	-56	517	1	0	0
-153	81	-477	-171	-559	-475	1	0	0
277	-217	123	-477	-45	-255	1	0	0
-40	890	-142	142	-322	-424	1	0	0
-50	1	-354	-139	-486	-115	1	0	0
279	142	233	98	231	8	1	0	0
108	144	-512	-242	-396	-564	1	0	0
-258	206	-236	524	-68	156	1	0	0
-214	132	-142	280	82	116	1	0	0
264	443	524	83	526	-509	1	0	0
-96	-391	60	-187	-92	159	1	0	0
-118	-39	102	-85	-70	-157	1	0	0
-309	421	-7	403	-101	121	1	0	0
15	147	-31	-65	109	-599	1	0	0
153	699	301	309	149	-29	1	0	0
13	-342	-245	-64	-147	64	1	0	0
255	-262	361	-240	385	-60	1	0	0
455	-116	49	196	-305	54	1	0	0
-114	-188	124	-610	318	-172	1	0	0
184	-322	-82	-400	12	-32	1	0	0
296	-11	124	179	-96	439	1	0	0
229	-46	-37	-68	15	-190	1	0	0
-58	163	276	195	272	59	1	0	0
-485	-181	-527	253	-133	389	1	0	0
517	255	339	-117	59	-219	1	0	0
138	494	180	410	-36	478	1	0	0
52	-235	176	-353	336	-183	1	0	0
509	26	347	-168	-57	-52	1	0	0
-161	-426	89	-414	339	-162	1	0	0
84	222	204	466	520	450	1	0	0
-221	383	-307	141	-667	-113	1	0	0
319	-134	379	38	237	36	1	0	0
-145	-302	9	84	-105	514	1	0	0
-54	-297	106	-291	282	-255	1	0	0
-59	-225	239	-401	-109	-87	1	0	0
117	93	709	51	255	129	1	0	0
-277	-49	-43	-369	177	-187	1	0	0
304	307	-178	253	-484	175	1	0	0
-167	-112	-75	-84	371	-136	1	0	0
537	-486	345	-152	85	248	1	0	0
68	100	18	-280	434	-358	1	0	0
-476	-174	-236	64	-292	86	1	0	0
518	302	338	-124	350	-70	1	0	0
-409	216	-255	-26	-125	-310	1	0	0
86	293	6	301	-438	237	1	0	0
-233	-369	117	-45	29	437	1	0	0
368	-336	298	-28	326	218	1	0	0
387	-129	-87	-295	-491	-467	1	0	0
236	-219	-14	-183	-126	-275	1	0	0
89	178	-197	418	-233	502	1	0	0
253	186	123	500	87	326	1	0	0
-427	-549	-159	-377	251	317	1	0	0
310	-236	-74	-44	-132	-136	1	0	0
32	-202	-166	102	-228	240	1	0	0
-55	-388	-271	-486	-631	-318	1	0	0
46	-115	104	229	-38	829	1	0	0
-129	214	327	-444	307	-376	1	0	0
355	-155	179	147	219	305	1	0	0
-85	133	187	-133	77	-5	1	0	0
392	-9	-154	373	-60	395	1	0	0
-307	98	-323	-294	-295	274	1	0	0
283	-314	53	-206	-207	160	1	0	0
366	386	320	110	242	-22	1	0	0
202	0	132	380	212	320	1	0	0
-742	140	-574	-368	-412	64	1	0	0
-139	6	-315	-174	-607	-298	1	0	0
391	-208	367	-110	301	110	1	0	0
57	-364	73	-220	-41	-250	1	0	0
37	117	249	41	143	57	1	0	0
-111	251	-153	131	251	-299	1	0	0
494	583	422	545	242	55	1	0	0
-335	206	-325	116	-117	96	1	0	0
-62	-217	-98	157	108	59	1	0	0
230	80	436	36	250	10	1	0	0
-192	0	-474	440	-286	446	1	0	0
-10	366	-486	160	-634	-68	1	0	0
77	230	-57	-58	111	54	1	0	0
68	5	394	-399	362	-453	1	0	0
33	402	405	470	631	458	1	0	0
-49	-429	-21	-655	-31	-267	1	0	0
-235	-63	-161	-307	-1	-427	1	0	0
-138	18	228	388	356	286	1	0	0
98	7	142	-393	80	-217	1	0	0
144	-63	140	-367	30	-99	1	0	0
-38	-330	120	-110	-42	-330	1	0	0
460	122	550	116	184	-154	1	0	0
72	-60	-98	-108	8	-254	1	0	0
-130	365	0	521	-292	201	1	0	0
-34	481	238	251	-4	83	1	0	0
-431	500	-261	170	-173	22	1	0	0
-45	-419	-27	-425	-279	-265	1	0	0
261	-431	165	-479	-91	-209	1	0	0
245	-101	533	85	225	507	1	0	0
-321	276	-265	-104	-187	-176	1	0	0
-626	625	-158	487	-54	-81	1	0	0
56	-37	128	-79	276	-213	1	0	0
216	302	-188	78	-350	254	1	0	0
-159	257	-31	73	21	-361	1	0	0
-46	-115	-116	-163	-154	-443	1	0	0
318	-37	-36	173	296	255	1	0	0
25	172	393	-20	309	38	1	0	0
-321	251	-173	-125	49	-9	1	0	0
314	-44	-146	-218	-46	-202	1	0	0
39	189	-413	411	-43	241	1	0	0
-177	70	-105	-96	-363	-94	1	0	0
446	47	238	-343	78	-191	1	0	0
308	-19	478	103	304	355	1	0	0
-392	332	-158	-296	-142	-492	1	0	0
322	-76	86	-8	-106	-4	1	0	0
-988	-591	-92	-145	372	131	1	0	0
104	-591	208	-145	300	315	1	0	0
-123	44	141	54	13	-20	1	0	0
37	131	133	483	181	5	1	0	0
-61	-165	319	-71	427	-217	1	0	0
53	-43	-175	-25	-133	141	1	0	0
-429	-90	-759	110	-201	162	1	0	0
-268	275	-306	9	-214	-33	1	0	0
196	-35	266	-71	0	-49	1	0	0
67	-203	99	-1	483	-55	1	0	0
-176	290	284	502	494	240	1	0	0
-510	-80	-464	130	-992	930	1	0	0
242	-219	886	471	1830	1211	1	0	0
ACQUISITION SUCCESS!!! NEXT STEP IS CONFIRMATION.

729	-1114	849	-2648	237	-1362	0	0	0
-2308	-162	-1230	-178	-128	-554	0	0	0
-322	2886	52	1666	184	416	0	0	0
2324	74	1134	406	-200	364	0	0	0
960	2126	352	1078	-256	160	0	0	0
ACQUISITION SUCCESS!!! NEXT STEP IS CONFIRMATION.

2264	-1334	1670	-1022	740	-696	0	0	0
-1754	-1650	-1176	-954	-274	256	0	0	0
-1376	1736	-718	1244	60	286	0	0	0
1900	818	1054	566	166	116	0	0	0
198	-2150	352	-1410	-4	-88	0	0	0
-1874	-288	-1520	-182	-492	-104	0	54134483	22884102
70	2390	232	1286	104	-8	0	54134483	22884148
1820	-580	1154	-140	460	436	0	54134483	22884105
-1062	-2152	-1224	-1428	-944	-368	0	54134483	22884107
-1830	1646	-1144	394	50	-666	0	54134483	22884101
1774	2234	1380	1728	492	720	0	54134483	22884101
1426	-2022	748	-1518	-120	-222	0	54134483	22884144
-2286	-850	-1156	-434	-202	262	0	54134483	22884145
-376	2786	-556	1624	66	112	0	54134483	22884138
2122	-460	1308	-142	268	-10	0	54134483	22884094
-486	-2404	-196	-1586	-114	-24	0	54134483	22884145
-1942	1114	-1516	844	-708	100	0	54134483	22884103
1158	1838	848	970	306	-212	0	54134483	22884096
1656	-1612	1052	-744	124	374	0	54134483	22884096
1980	1496	1242	748	-168	366	0	54134483	22884145
1338	-1940	978	-1272	320	-308	0	54134483	22884096
-2395	-429	-1567	-127	-309	91	0	54134483	22884145
-224	2630	-76	1302	338	-154	0	54134483	22884142
2488	-560	1420	-150	54	442	0	54134483	22884144
-914	-2098	-506	-928	-226	-122	0	54134483	22884093
-2134	942	-752	624	314	88	0	54134483	22884093
2034	1838	1376	1010	390	-158	0	54134483	22884139
954	-1774	474	-1466	126	-418	0	54134483	22884097
-2016	-872	-1164	-446	-96	466	0	54134483	22884097
-728	2620	-354	1264	-586	54	0	54134483	22884140
2488	188	1746	86	610	-2	0	54134483	22884098
62	-2202	-290	-1520	-352	-326	0	54134483	22884097
-2388	770	-1470	560	-38	98	0	54134483	22884142
1358	2058	696	1172	264	478	0	54134483	22884097
1662	-1102	1020	-612	294	-44	0	54134483	22884093
-1544	-1340	-878	-848	-108	168	0	54134483	22884090
-1266	2068	-644	1062	232	-274	0	54134483	22884145
2342	598	1544	148	110	210	0	54134483	22884145
112	-2332	-112	-1726	-234	-416	0	54134483	22884096
-1770	134	-694	-52	292	262	0	54134483	22884096
972	2482	556	1064	30	114	0	54134483	22884138
1866	-1164	1534	-682	472	10	0	54134483	22884096
-1638	-1694	-702	-800	414	-146	0	54134483	22884094
-1910	2080	-884	912	-160	-88	0	54134483	22884135
1621	1602	1043	452	9	-168	0	54134483	22884147
1371	-2322	363	-1224	-519	116	0	54134483	22884141
-2268	-200	-1240	-304	-154	-438	0	54134483	22884097
-110	2402	-122	1688	150	150	0	54134483	22884146
2662	-196	1184	24	36	66	0	54134483	22884141
-964	-1860	-464	-1210	-116	-324	0	54134483	22884097
-1990	1186	-858	634	512	296	0	54134483	22884100
1420	2090	660	1216	-26	166	0	54134483	22884143
1238	-1634	400	-834	-412	142	0	54134483	22884098
-2110	-878	-1346	-698	-288	-342	0	54134483	22884097
-376	2582	198	1820	404	236	0	54134483	22884143
2163	524	1681	202	473	212	0	54134483	22884099
-59	-2602	-203	-1692	-261	-126	0	54134483	22884142
-2191	1044	-885	734	65	32	0	54134483	22884145
439	2408	-35	1402	-29	314	0	54134483	22884146
-2088	1264	-1310	566	-778	-366	0	54134483	22884104
1720	1320	1240	874	440	80	0	54134483	22884098
1486	-2566	688	-1486	260	114	0	54134483	22884136
-2378	-632	-1614	-528	-560	-294	0	54134483	22884100
-160	2444	162	1478	828	394	0	54134483	22884104
2289	-212	1461	-304	103	166	0	54134483	22884148
-445	-2680	-213	-1708	145	-298	0	54134483	22884141
-1442	1105	-1168	479	-256	-163	0	54134483	22884096
1194	2586	1000	1646	172	130	0	54134483	22884138
1467	-1680	609	-570	65	154	0	54134483	22884151
-2531	-1762	-1551	-890	-223	-402	0	54134483	22884137
-954	2464	-640	1832	-178	380	0	54134483	22884144
1966	464	1442	348	430	632	0	54134483	22884107
334	-2042	308	-922	200	382	0	54134483	22884100
-2128	118	-1442	202	-220	-84	0	54134483	22884095
896	2232	634	1268	526	-220	0	54134483	22884100
1590	-1384	842	-598	-238	582	0	54134483	22884102
-1765	-1964	-1391	-1370	-585	-502	0	54134483	22884102
-1417	1728	-567	680	75	-198	0	54134483	22884092
1953	1554	1347	640	521	-22	0	54134483	22884097
271	-1972	-127	-970	-23	-78	0	54134483	22884087
-2081	-332	-1297	-242	-571	-166	0	54134483	22884099
873	2644	601	1250	-63	-22	0	54134483	22884135
2241	-732	1543	-442	497	42	0	54134483	22884095
-265	-2326	-173	-1508	-15	-112	0	54134483	22884145
-1775	1506	-1025	1006	-221	342	0	54134483	22884094
1569	1680	1117	1084	293	-18	0	54134483	22884091
1301	-2008	861	-1276	193	-114	0	54134483	22884144
-2375	-1016	-1419	-286	-323	148	0	54134483	22884142
-915	2160	-173	1000	-115	-240	0	54134483	22884147
2321	192	1515	326	299	214	0	54134483	22884094
-473	-2030	-597	-1192	-275	-188	0	54134483	22884094
-2183	732	-761	60	297	-134	0	54134483	22884093
1177	2068	693	1360	15	348	0	54134483	22884093
1321	-1696	687	-1224	147	-312	0	54134483	22884093
-1981	-1434	-1185	-822	-127	174	0	54134483	22884143
-1199	2284	-531	1412	-41	-122	0	54134483	22884141
2597	556	2021	-274	359	-518	0	54134483	22884098
487	-2232	-59	-1368	93	178	0	54134483	22884148
-2335	134	-1009	-186	-41	-312	0	54134483	22884093
809	1960	435	1278	-173	406	0	54134483	22884096
2165	-1362	1327	-1282	-99	-556	0	54134483	22884096
-1679	-1926	-1341	-1376	-167	-208	0	54134483	22884141
-1663	2066	-1011	1560	-351	18	0	54134483	22884141
2335	1622	1381	964	383	210	0	54134483	22884139
923	-2206	359	-930	-181	24	0	54134483	22884147
-2279	-102	-1243	-526	75	-524	0	54134483	22884099
357	2904	539	1672	105	4	0	54134483	22884135
2157	-768	991	-406	107	-330	0	54134483	22884094
-927	-2190	-551	-924	75	312	0	54134483	22884146
-1993	1726	-1107	1458	-679	204	0	54134483	22884099
1685	1550	863	758	-229	60	0	54134483	22884148
1285	-2368	417	-1160	-221	402	0	54134483	22884141
-2013	-872	-1137	-328	-369	178	0	54134483	22884096
-505	2498	-7	1792	-25	314	0	54134483	22884143
2235	-234	1197	16	259	96	0	54134483	22884093
-29	-2202	-325	-1272	-329	-252	0	54134483	22884095
-2315	826	-1199	48	-217	-634	0	54134483	22884098
1269	2240	1151	1452	597	64	0	54134483	22884096
1791	-1238	789	-892	31	-342	0	54134483	22884092
-1443	-1334	-691	-566	-3	10	0	54134483	22884082
-897	2340	-445	1558	217	38	0	54134483	22884140
2475	482	1399	542	213	-136	0	54134483	22884140
603	-2498	383	-1784	35	-596	0	54134483	22884095
-2261	838	-1085	578	-95	282	0	54134483	22884143
509	2798	133	1770	-213	82	0	54134483	22884135
1999	-1360	1003	-842	-27	-154	0	54134483	22884143
-1323	-1868	-747	-1062	-55	-172	0	54134483	22884147
-1713	1840	-951	1192	-315	168	0	54134483	22884144
1817	746	1367	62	195	-64	0	54134483	22884092
993	-2038	333	-918	-271	44	0	54134483	22884092
-2955	-258	-1611	-184	-301	-150	0	54134483	22884135
819	2752	671	1616	291	588	0	54134483	22884138
2077	-564	857	-186	-473	34	0	54134483	22884097
-945	-2238	-219	-1636	143	-620	0	54134483	22884098
-1831	1044	-1213	830	-125	436	0	54134483	22884096
1637	1976	1131	648	-125	-172	0	54134483	22884141
1479	-2006	1203	-934	681	-16	0	54134483	22884099
-2019	-500	-1145	-542	-535	-648	0	54134483	22884103
-344	2270	-62	1744	14	350	0	54134483	22884092
-2244	638	-1374	414	-414	-66	0	54134483	22884092
222	1966	334	1132	544	84	0	54134483	22884096
2748	-1062	1428	-470	140	126	0	54134483	22884131
-1034	-2192	-686	-1260	-38	-230	0	54134483	22884141
-1868	1282	-688	840	556	56	0	54134483	22884095
2214	1430	946	916	-186	84	0	54134483	22884137
1240	-1586	532	-1310	-68	-108	0	54134483	22884085
-2260	30	-1362	-252	-86	-460	0	54134483	22884092
-332	2400	188	1512	290	-88	0	54134483	22884141
2208	-354	1398	-400	348	-106	0	54134483	22884090
-600	-2940	-278	-1478	10	412	0	54134483	22884131
-1930	1586	-882	1092	-172	348	0	54134483	22884140
1128	2132	522	1560	-62	206	0	54134483	22884141
1634	-2126	846	-1206	-244	-34	0	54134483	22884137
-1696	-1062	-940	-484	52	-100	0	54134483	22884086
-1112	2268	-282	1160	312	450	0	54134483	22884094
2624	154	1466	114	170	98	0	54134483	22884137
-50	-2662	310	-1614	124	-420	0	54134483	22884138
-2122	552	-1056	372	-276	-384	0	54134483	22884094
842	2044	760	1118	246	-162	0	54134483	22884090
-1728	1548	-1006	1026	-526	192	0	54134483	22884094
1772	1704	1124	974	166	-28	0	54134483	22884140
1298	-1756	696	-896	-188	172	0	54134483	22884088
-2110	-802	-1546	-588	-362	180	0	54134483	22884090
-224	2362	-58	1470	88	48	0	54134483	22884140
2152	-146	1206	-132	448	-136	0	54134483	22884092
-348	-2598	-306	-1370	-108	-276	0	54134483	22884136
-2442	848	-1330	876	-288	144	0	54134483	22884137
1232	2044	716	1346	240	238	0	54134483	22884141
2284	-1254	1296	-714	354	-122	0	54134483	22884138
-1672	-1218	-1026	-442	-192	216	0	54134483	22884089
-838	1548	-300	570	-124	-254	0	54134483	22884089
2144	1156	1430	614	126	-106	0	54134483	22884139
160	-2026	-500	-1434	-510	-266	0	54134483	22884095
-2264	380	-1156	278	470	476	0	54134483	22884095
706	2316	222	1540	24	306	0	54134483	22884140
2240	-1252	1432	-972	242	-514	0	54134483	22884092
-1090	-2040	-660	-1208	254	-316	0	54134483	22884090
-1626	1530	-448	650	308	-196	0	54134483	22884089
1808	1770	1038	1196	68	406	0	54134483	22884138
896	-2350	48	-1224	-436	-44	0	54134483	22884139
-2042	-38	-1154	-188	-44	-126	0	54134483	22884084
186	2448	396	1206	-76	-220	0	54134483	22884139
2340	-422	1176	-52	166	182	0	54134483	22884141
-704	-2242	-796	-1020	-594	110	0	54134483	22884094
-2526	1474	-1356	504	28	-22	0	54134483	22884129
1554	1924	948	1216	192	328	0	54134483	22884139
986	-1762	168	-1104	-226	-80	0	54134483	22884087
-2144	-858	-912	-558	74	316	0	54134483	22884087
-236	2772	68	2074	304	536	0	54134483	22884133
1932	358	1056	58	326	58	0	54134483	22884088
-198	-2346	-450	-1222	-264	328	0	54134483	22884088
-1998	1206	-864	366	10	-208	0	54134483	22884140
956	1902	1010	1322	296	-18	0	54134483	22884086
1712	-1558	992	-308	354	316	0	54134483	22884088
-2138	-1354	-1288	-556	-438	212	0	54134483	22884087
-1306	1698	-482	708	-24	-240	0	54134483	22884083
2302	728	1278	474	144	502	0	54134483	22884087
-252	-2286	-332	-1304	196	-20	0	54134483	22884138
-2130	-144	-1252	-286	-22	-160	0	54134483	22884080
884	2128	876	1104	696	166	0	54134483	22884091
1549	-799	861	35	25	405	0	54134483	22884088
-1490	-2352	-1094	-1600	-198	-508	0	54134483	22884129
-1202	2434	-64	1076	132	-102	0	54134483	22884129
2092	1236	1314	528	94	-164	0	54134483	22884135
278	-2298	164	-1328	-38	-68	0	54134483	22884138
-2398	-362	-1280	-338	-206	-288	0	54134483	22884138
118	2410	400	1178	278	-42	0	54134483	22884138
2390	-802	1502	32	90	414	0	54134483	22884137
-1504	-2054	-1232	-1442	-198	-192	0	54134483	22884137
-1862	824	-826	510	-14	-362	0	54134483	22884090
1554	1998	798	852	40	-272	0	54134483	22884137
1186	-1550	638	-992	6	-194	0	54134483	22884085
-2402	-1176	-1444	-830	-262	-242	0	54134483	22884134
-186	2388	-56	972	464	-224	0	54134483	22884091
2378	-40	1664	182	316	316	0	54134483	22884089
-806	-2370	-818	-1198	-28	228	0	54134483	22884136
-1982	394	-776	-112	-168	-74	0	54134483	22884083
1300	2186	730	1296	84	-72	0	54134483	22884134
1444	-1874	840	-846	-24	-184	0	54134483	22884139
-2098	-1434	-1146	-676	-248	-260	0	54134483	22884137
-978	2116	-388	996	32	-200	0	54134483	22884141
2718	750	1610	488	368	-170	0	54134483	22884133
-88	-2282	-102	-1162	220	-256	0	54134483	22884089
-2680	-4	-1438	-132	-328	-38	0	54134483	22884135
912	2778	742	1562	304	-222	0	54134483	22884132
2122	-750	952	-704	-242	-276	0	54134483	22884090
-1994	-1822	-1196	-674	-142	-28	0	54134483	22884134
-1500	1756	-762	958	-30	-196	0	54134483	22884143
2092	1738	1476	876	552	-180	0	54134483	22884137
490	-2300	56	-984	-210	222	0	54134483	22884089
-2316	-590	-1420	-464	-270	-410	0	54134483	22884092
246	2216	10	1372	-16	102	0	54134483	22884145
2132	-1290	1424	-938	462	-214	0	54134483	22884092
-944	-1878	-362	-614	-448	562	0	54134483	22884097
-2204	1452	-1154	766	-354	14	0	54134483	22884135
1524	1432	1156	682	394	-58	0	54134483	22884090
1372	-1944	632	-800	16	250	0	54134483	22884140
-2218	-584	-660	-726	322	-316	0	54134483	22884090
-470	2706	230	1698	540	186	0	54134483	22884134
2284	294	1158	-44	62	-282	0	54134483	22884086
-1002	-2740	-600	-1404	-176	-184	0	54134483	22884129
-2464	1124	-1122	920	332	20	0	54134483	22884133
1400	2164	1004	878	62	140	0	54134483	22884135
2116	-1342	646	-552	-242	-88	0	54134483	22884137
-1698	-1130	-1074	-482	-518	130	0	54134483	22884093
-1036	2230	-258	910	352	-298	0	54134483	22884089
2704	446	1648	254	266	-44	0	54134483	22884132
512	-2352	-48	-1450	-288	104	0	54134483	22884139
-2494	320	-1038	196	196	-146	0	54134483	22884138
700	1896	790	1210	62	-154	0	54134483	22884085
2554	-1112	1096	-356	-196	214	0	54134483	22884133
-1832	-1936	-992	-1354	142	-24	0	54134483	22884134
-1112	2000	-246	940	356	-526	0	54134483	22884095
2128	1060	1104	792	-386	674	0	54134483	22884096
170	-2512	-78	-1750	60	-538	0	54134483	22884091
-1876	-543	-686	-383	336	93	0	54134483	22884089
-12	2507	10	1141	-132	-581	0	54134483	22884091
2104	-695	1528	-433	168	-71	0	54134483	22884083
-820	-2263	-474	-819	342	567	0	54134483	22884092
-1886	1207	-918	355	-44	-35	0	54134483	22884141
2032	1457	880	707	86	-141	0	54134483	22884136
1328	-1899	824	-1043	194	-271	0	54134483	22884086
-2012	-991	-1296	-477	-78	-259	0	54134483	22884084
-234	2337	156	1135	-18	-345	0	54134483	22884084
2428	5	1164	-167	-248	-41	0	54134483	22884135
-1198	-2379	-1162	-1107	-812	-139	0	54134483	22884091
-1906	615	-946	139	-8	243	0	54134483	22884082
1642	2337	1574	1729	348	361	0	54134483	22884128
1676	-1655	914	-509	-28	225	0	54134483	22884137
-2022	-1893	-1100	-1227	18	-63	0	54134483	22884129
-690	2083	-488	1025	-226	-401	0	54134483	22884089
2166	235	1022	-197	-130	-385	0	54134483	22884088
-78	-2343	-250	-1301	-158	-45	0	54134483	22884139
-2594	175	-1328	-195	-48	-367	0	54134483	22884135
946	2225	850	1197	-38	-177	0	54134483	22884138
2348	-635	1182	35	156	463	0	54134483	22884090
-1630	-2143	-896	-803	-94	293	0	54134483	22884133
-1122	1477	-540	537	-322	-115	0	54134483	22884089
2210	1261	1664	703	528	183	0	54134483	22884090
422	-2085	-148	-1221	-238	27	0	54134483	22884084
-2428	-795	-1238	-347	-62	-75	0	54134483	22884134
502	2333	336	1397	-84	-67	0	54134483	22884138
2256	-219	1396	73	272	-77	0	54134483	22884085
-1064	-2645	-630	-1273	-106	-45	0	54134483	22884128
-1682	1307	-692	843	-82	-31	0	54134483	22884079
1454	1578	914	768	292	-198	0	54134483	22884085
1640	-2762	830	-1414	210	-34	0	54134483	22884121
-1890	-968	-1156	-568	-274	-56	0	54134483	22884083
-444	1834	-110	756	42	-150	0	54134483	22884080
2597	483	1351	305	33	117	0	54134483	22884130
-818	-2266	-326	-1696	-32	-448	0	54134483	22884086
-2186	750	-1156	486	168	-272	0	54134483	22884083
1362	2240	694	910	156	14	0	54134483	22884130
1798	-1646	920	-858	272	8	0	54134483	22884135
-1992	-1484	-1058	-744	-448	122	0	54134483	22884086
-1236	2442	-676	980	40	-120	0	54134483	22884128
2198	790	1236	738	36	-138	0	54134483	22884137
434	-1970	-164	-1156	-190	-50	0	54134483	22884081
-2380	336	-1176	-126	-440	-174	0	54134483	22884085
350	2714	48	1366	70	50	0	54134483	22884126
2726	-1358	1420	-910	184	-504	0	54134483	22884125
-1660	-2050	-818	-1090	126	76	0	54134483	22884130
-1498	1810	-920	686	-96	-144	0	54134483	22884137
2320	1160	1456	554	248	158	0	54134483	22884133
568	-1820	28	-736	-182	-92	0	54134483	22884083
-2442	-648	-1202	-656	-256	-236	0	54134483	22884135
424	2500	170	1486	252	42	0	54134483	22884135
2698	-178	1192	-278	134	24	0	54134483	22884132
-804	-2304	-396	-1048	56	216	0	54134483	22884138
-2258	1448	-1122	836	-182	40	0	54134483	22884134
1478	1808	776	694	118	-174	0	54134483	22884142
1368	-1818	660	-950	332	122	0	54134483	22884089
-1800	-946	-988	-612	-190	44	0	54134483	22884085
-648	2108	-340	1528	-192	380	0	54134483	22884089
2302	-100	1100	-144	196	-170	0	54134483	22884084
-304	-2354	-70	-1262	-48	-74	0	54134483	22884138
-2238	564	-1030	28	54	-258	0	54134483	22884084
1196	1858	900	1102	438	0	0	54134483	22884084
1820	-1050	566	-494	-232	168	0	54134483	22884084
1744	1332	988	598	-100	352	0	54134483	22884084
1058	-1894	716	-1364	-20	-442	0	54134483	22884085
-2124	-872	-1330	-260	24	386	0	54134483	22884083
-400	2546	-20	1036	16	132	0	54134483	22884129
2136	-262	728	-142	-296	-38	0	54134483	22884081
-218	-2428	-174	-1722	20	-452	0	54134483	22884082
-2466	1328	-724	812	592	-4	0	54134483	22884126
1112	1646	266	924	-194	-380	0	54134483	22884084
1690	-2010	1002	-998	32	-66	0	54134483	22884127
-1896	-1364	-766	-550	-148	334	0	54134483	22884081
-1176	1836	-564	914	-180	104	0	54134483	22884077
2592	752	1104	724	-442	328	0	54134483	22884127
62	-2444	162	-1698	-154	-418	0	54134483	22884082
-2228	602	-740	228	458	-336	0	54134483	22884084
524	2276	-66	1030	-326	296	0	54134483	22884081
1718	-1022	606	-734	-336	-104	0	54134483	22884080
-1338	-1786	-958	-1218	-284	-464	0	54134483	22884082
-1536	2468	-960	768	16	-120	0	54134483	22884118
2344	868	876	240	58	-394	0	54134483	22884127
636	-2715	122	-1239	-174	369	0	54134483	22884123
-1940	-269	-908	-139	-6	-207	0	54134483	22884076
188	1975	-134	935	34	-279	0	54134483	22884077
2282	-1009	1444	-569	198	-131	0	54134483	22884127
-1264	-2223	-294	-603	222	301	0	54134483	22884127
-1912	1435	-1166	783	-142	-155	0	54134483	22884130
2224	1819	1040	939	-324	-57	0	54134483	22884122
878	-1685	212	-989	96	-59	0	54134483	22884074
-1784	-813	-382	-597	238	-457	0	54134483	22884084
-490	2123	26	1093	522	17	0	54134483	22884083
2036	93	846	-179	-160	497	0	54134483	22884083
-678	-2163	-392	-1355	-256	-411	0	54134483	22884081
-2308	917	-1426	119	-256	-23	0	54134483	22884128
1386	1857	626	599	-226	-105	0	54134483	22884132
1830	-1591	862	-501	236	283	0	54134483	22884131
-1836	-825	-782	-771	-82	-105	0	54134483	22884074
-1114	1937	-660	1083	184	-151	0	54134483	22884075
2430	343	868	-373	-362	-309	0	54134483	22884078
72	-2007	56	-1057	262	191	0	54134483	22884076
-2396	629	-1514	201	136	-51	0	54134483	22884125
908	2053	346	753	2	-103	0	54134483	22884131
-1724	1563	-722	679	-34	147	0	54134483	22884130
2002	1771	1358	909	614	77	0	54134483	22884126
1226	-2043	642	-467	-96	275	0	54134483	22884131
-1900	-1249	-1098	-723	-138	-59	0	54134483	22884134
-382	2535	120	861	-90	-375	0	54134483	22884129
1664	103	484	345	-22	87	0	54134483	22884074
-562	-2109	-332	-1085	222	187	0	54134483	22884077
-2178	958	-1048	378	-408	-284	0	54134483	22884080
1890	2026	1032	610	36	-310	0	54134483	22884122
1448	-1174	806	-224	-94	594	0	54134483	22884085
-2324	-1282	-1444	-810	-302	-100	0	54134483	22884124
-532	1484	56	476	-188	-78	0	54134483	22884076
2392	834	1252	726	554	120	0	54134483	22884080
-332	-2832	-616	-1410	-454	-56	0	54134483	22884120
-2232	-118	-978	446	252	304	0	54134483	22884077
1272	2446	502	950	-212	-102	0	54134483	22884120
1502	-998	442	-188	-172	-146	0	54134483	22884074
-1370	-2124	-420	-998	20	312	0	54134483	22884125
-1138	1708	-410	938	-14	80	0	54134483	22884069
2314	832	1106	-122	8	-500	0	54134483	22884077
844	-2250	754	-642	250	458	0	54134483	22884077
-2522	-192	-1420	-138	36	326	0	54134483	22884123
-26	1922	-100	620	-150	138	0	54134483	22884071
2160	-544	766	20	34	486	0	54134483	22884076
-632	-1974	-508	-1220	-278	-168	0	54134483	22884073
-1572	1642	-780	964	-36	338	0	54134483	22884072
1634	1018	532	406	-150	-136	0	54134483	22884069
1248	-2244	684	-1224	-14	-356	0	54134483	22884120
-2420	-502	-960	-94	32	136	0	54134483	22884121
-536	2098	166	1054	104	-8	0	54134483	22884129
2530	-302	998	70	88	140	0	54134483	22884121
50	-2382	164	-1550	88	-580	0	54134483	22884078
-2186	1312	-964	716	-110	192	0	54134483	22884122
1178	1474	222	628	-212	148	0	54134483	22884073
1918	-1730	922	-756	-146	58	0	54134483	22884121
-1484	-1076	-708	-194	-134	304	0	54134483	22884075
-1116	1768	-230	960	142	26	0	54134483	22884068
2410	256	1014	174	-246	-78	0	54134483	22884124
-108	-1966	152	-1122	214	-222	0	54134483	22884073
-2614	260	-866	632	-22	72	0	54134483	22884119
956	2248	630	1054	64	132	0	54134483	22884124
1906	-1576	870	-1068	-468	-404	0	54134483	22884079
-1420	-1528	-724	-616	352	-50	0	54134483	22884075
-1453	2038	-967	616	-201	-284	0	54134483	22884124
2039	970	715	510	-303	498	0	54134483	22884079
991	-2422	283	-1098	17	46	0	54134483	22884120
-2019	-14	-339	0	305	132	0	54134483	22884075
65	2296	-205	1152	-123	248	0	54134483	22884072
2263	-1746	1019	-594	-383	196	0	54134483	22884117
-665	-1634	-317	-614	47	-356	0	54134483	22884076
-2479	1262	-1267	568	-341	-322	0	54134483	22884118
1547	1308	509	510	-313	16	0	54134483	22884073
1279	-2030	651	-782	-61	152	0	54134483	22884124
-1865	-798	-537	-514	101	-174	0	54134483	22884070
63	2120	105	1070	231	78	0	54134483	22884070
2059	-602	349	-598	-769	-106	0	54134483	22884080
-313	-2690	-479	-954	-255	126	0	54134483	22884116
-1613	1308	-535	772	449	-182	0	54134483	22884075
784	1850	58	1012	-254	198	0	54134483	22884071
1996	-1914	774	-1228	-332	-274	0	54134483	22884116
-1612	-732	-732	-44	98	42	0	54134483	22884065
-900	2186	-212	1018	556	628	0	54134483	22884078
2576	326	948	398	-108	234	0	54134483	22884116
-368	-2156	-292	-602	-274	510	0	54134483	22884074
-2501	115	-935	143	101	-39	0	54134483	22884117
1316	1962	206	702	128	-328	0	54134483	22884068
1506	-926	642	-216	-112	116	0	54134483	22884064
-2204	-1554	-1086	-894	-308	-230	0	54134483	22884113
-1190	1748	-760	770	-260	126	0	54134483	22884066
1984	760	746	60	-94	-238	0	54134483	22884065
530	-2068	60	-480	-210	328	0	54134483	22884067
-2052	-350	-958	-94	-144	270	0	54134483	22884065
472	2258	136	880	-84	60	0	54134483	22884119
2388	-1120	1238	-506	474	6	0	54134483	22884114
-1246	-2152	-712	-1080	-138	202	0	54134483	22884116
-2332	1262	-1404	470	-278	66	0	54134483	22884114
1870	954	590	326	-50	-24	0	54134483	22884060
954	-1782	530	-416	20	218	0	54134483	22884064
-2344	56	-1408	126	-234	234	0	54134483	22884065
102	1962	132	970	94	38	0	54134483	22884059
-2050	306	-552	-188	78	-616	0	54134483	22884071
622	1930	-72	632	-216	68	0	54134483	22884062
1570	-1040	970	-514	226	-142	0	54134483	22884062
-2273	-2088	-945	-836	43	-390	0	54134483	22884102
-1399	1688	-765	466	-255	-4	0	54134483	22884060
2031	1422	857	812	-209	-18	0	54134483	22884112
663	-2204	239	-716	-285	150	0	54134483	22884062
-2051	-242	-699	48	-191	244	0	54134483	22884062
111	1612	-7	614	-285	146	0	54134483	22884063
2245	-832	861	-478	-221	-78	0	54134483	22884112
-955	-1336	-437	-560	147	-8	0	54134483	22884057
-1823	1056	-735	234	-207	-316	0	54134483	22884061
2458	1696	1368	1018	86	310	0	54134483	22884100
622	-1912	124	-692	-360	36	0	54134483	22884060
-1914	-1296	-612	-900	60	-294	0	54134483	22884057
130	2174	146	1270	118	228	0	54134483	22884056
1576	204	864	148	28	174	0	54134483	22884055
-756	-2422	-790	-884	-278	180	0	54134483	22884106
-1516	702	-448	394	42	108	0	54134483	22884052
1202	1432	386	560	74	-218	0	54134483	22884054
-1362	1606	-418	1052	4	510	0	54134483	22884059
1710	816	388	312	-100	136	0	54134483	22884051
630	-1900	198	-260	374	218	0	54134483	22884057
-2764	-458	-1538	-502	-404	-88	0	54134483	22884098
50	1834	-18	270	-352	-642	0	54134483	22884064
2424	-152	1254	-128	-22	0	0	54134483	22884064
-1304	-1708	-872	-660	-332	276	0	54134483	22884056
-1518	260	-602	-118	-40	-160	0	54134483	22884051
1510	2034	702	874	-176	62	0	54134483	22884102
540	-1260	84	-160	174	664	0	54134483	22884068
-1650	-975	-364	-393	-100	-101	0	54134483	22884049
-464	2403	-448	705	-380	-391	0	54134483	22884056
2318	-99	854	235	-64	101	0	54134483	22884106
126	-1707	-2	-373	-12	317	0	54134483	22884055
-1850	815	-784	419	-404	261	0	54134483	22884056
1100	1675	292	589	-500	111	0	54134483	22884056
1948	-633	1016	-185	124	-295	0	54134483	22884051
-1632	-720	-978	-128	-202	246	0	54134483	22884051
-624	1418	-268	824	-300	220	0	54134483	22884053
2536	1210	1344	70	392	-436	0	54134483	22884094
-350	2230	-306	1024	270	248	0	54134483	22884049
1564	-46	664	38	-98	336	0	54134483	22884051
-1202	-2146	-724	-704	-36	172	0	54134483	22884097
-1776	648	-672	292	-50	416	0	54134483	22884051
1160	2014	886	848	228	6	0	54134483	22884101
1546	-1516	796	-558	172	122	0	54134483	22884044
-1652	-1040	-688	-284	-130	-116	0	54134483	22884043
-1306	1754	-880	620	-294	286	0	54134483	22884047
2296	640	1072	-98	278	-656	0	54134483	22884051
30	-1270	360	-592	342	448	0	54134483	22884056
-2106	342	-646	-134	98	-46	0	54134483	22884037
916	1854	502	670	-30	96	0	54134483	22884036
1652	-462	362	34	-76	76	0	54134483	22884036
-1519	-1356	-219	-172	401	668	0	54134483	22884050
-1213	1186	-347	494	-25	68	0	54134483	22884033
1971	820	555	146	-127	-40	0	54134483	22884033
167	-1710	179	-650	59	82	0	54134483	22884032
-1627	748	-283	656	351	190	0	54134483	22884040
-378	1272	-618	132	-408	-396	0	54134483	22884047
2114	-482	948	-212	-212	-24	0	54134483	22884032
1016	1540	294	456	-90	-38	0	54134483	22884029
1556	-1182	848	-114	-208	576	0	54134483	22884041
-1768	-664	-902	20	-178	112	0	54134483	22884031
-948	1142	-754	386	-376	326	0	54134483	22884041
2450	1044	566	888	-412	12	0	54134483	22884080
106	-1690	-136	-1002	-426	-604	0	54134483	22884045
-1830	-152	-816	-398	-124	-622	0	54134483	22884042
950	1706	-78	432	-168	-60	0	54134483	22884030
1356	-622	194	-310	-250	-294	0	54134483	22884037
-654	-1006	-28	-396	-74	44	0	54134483	22884027
-1055	806	-121	76	129	272	0	54134483	22884034
1723	778	825	518	419	122	0	54134483	22884034
467	-1690	-27	-738	-15	-214	0	54134483	22884028
-1220	-517	-288	-55	-32	71	0	54134483	22884024
156	1778	-256	480	-306	-268	0	54134483	22884032
1360	-822	490	-636	-298	-492	0	54134483	22884037
-500	-1044	4	-124	-22	-164	0	54134483	22884027
-1220	874	-372	-12	-12	-144	0	54134483	22884024
1618	914	622	302	220	84	0	54134483	22884024
180	-1038	-260	-46	-56	424	0	54134483	22884035
-1278	-1044	-344	-656	-76	-264	0	54134483	22884025
74	1122	98	190	-28	-264	0	54134483	22884027
1420	678	454	582	154	196	0	54134483	22884023
-68	-1630	-76	-406	148	358	0	54134483	22884026
-1216	1120	-136	334	264	68	0	54134483	22884022
1276	902	224	-30	156	96	0	54134483	22884019
1190	-571	366	151	-352	-229	0	54134483	22884028
-1240	-867	-532	415	-74	511	0	54134483	22884028
-430	1481	-46	-43	-324	-367	0	54134483	22884027
1526	374	606	120	258	-8	0	54134483	22884020
14	-1176	96	40	12	218	0	54134483	22884020
-1742	304	-264	312	280	66	0	54134483	22884019
820	922	114	-376	-62	-126	0	54134483	22884016
1480	-80	304	98	-26	156	0	54134483	22884015
-1208	-1462	-610	-418	-54	30	0	54134483	22884010
-740	1250	-224	222	-208	114	0	54134483	22884016
1222	952	-46	18	-132	-194	0	54134483	22884015
632	-1292	164	12	-220	396	0	54134483	22884022
-1804	544	-472	804	-142	454	0	54134483	22884019
192	1389	-104	-7	-458	-65	0	54134483	22884021
1756	-831	-94	-233	40	35	0	54134483	22884005
-1264	-1097	-268	97	180	187	0	54134483	22884011
-702	673	-248	-91	-112	123	0	54134483	22884011
1352	656	306	-298	96	-654	0	54134483	22884021
748	-836	310	-66	52	88	0	54134483	22884005
-1940	-242	-826	-146	-514	-174	0	54134483	22884013
-276	778	-144	-72	126	78	0	54134483	22884008
1742	400	322	320	-132	88	0	54134483	22884003
-144	-1244	334	-64	354	548	0	54134483	22884020
-1252	362	88	96	190	172	0	54134483	22884007
646	980	-470	-316	-346	-300	0	54134483	22884014
652	-1266	436	-506	572	0	0	54134483	22884014
-471	72	365	448	419	278	0	54134483	22884030
-1051	1260	-231	-24	409	60	0	54134483	22884008
1701	154	-121	-346	-349	-364	0	54134483	22884009
27	-602	97	354	73	-160	0	54134483	22884009
-1266	2	76	196	482	344	0	54134483	22884015
824	836	504	-294	266	-266	0	54134483	22884010
1016	-990	28	-152	-60	-120	0	54134483	22883999
-810	-392	22	-48	134	-70	0	54134483	22884002
-796	1170	618	200	574	-18	0	54134483	22884011
1346	188	-334	18	-926	-186	0	54134483	22884019
158	-598	132	90	96	32	0	54134483	22884000
-1338	-126	-340	368	348	508	0	54134483	22884011
-2	1112	-470	-292	-340	296	0	54134483	22884009
570	-883	122	-339	290	-83	0	54134483	22884004
-290	-1289	266	101	202	129	0	54134483	22883999
-1530	965	-406	147	-46	91	0	54134483	22883992
92	224	-492	-620	-568	-318	0	54134483	22884039
846	-1130	162	-32	-216	114	0	54134483	22883998
-1300	-256	320	268	478	-94	0	54134483	22884006
406	1158	164	260	-142	34	0	54134483	22883994
972	-134	-182	-126	-286	-24	0	54134483	22884001
-180	-924	186	18	262	82	0	54134483	22884001
-1078	604	-2	148	278	166	0	54134483	22884000
466	690	-82	122	-110	164	0	54134483	22883999
576	-846	256	-212	-30	-340	0	54134483	22884002
-754	-1053	-212	-33	-78	283	0	54134483	22883997
-554	1047	366	9	226	303	0	54134483	22884000
1224	-497	42	-265	-274	-211	0	54134483	22883997
-262	1346	-170	192	-152	-310	0	54134483	22883996
756	-486	136	194	124	668	0	54134483	22884011
-608	-340	92	506	114	416	0	54134483	22884008
-1172	400	146	152	460	358	0	54134483	22884004
976	322	150	-54	42	-12	0	54134483	22883984
446	-276	-84	586	-88	374	0	54134483	22884010
-706	-494	416	28	162	342	0	54134483	22884002
444	722	240	-268	376	-398	0	54134483	22884007
588	172	34	248	120	-202	0	54134483	22883999
-299	-706	247	276	399	30	0	54134483	22884003
-419	546	521	162	109	58	0	54134483	22883989
501	452	79	-388	-347	-324	0	54134483	22884007
370	-24	-52	136	248	-358	0	54134483	22884015
-286	-684	162	-290	338	-100	0	54134483	22884000
38	622	314	100	42	-320	0	54134483	22884000
852	-412	368	-108	228	26	0	54134483	22883990
-462	-306	-432	238	-220	36	0	54134483	22883995
-902	94	-70	50	16	-278	0	54134483	22883991
586	780	456	-252	124	-604	0	54134483	22884001
792	-182	252	-298	384	-50	0	54134483	22883997
476	314	154	-198	-98	6	0	54134483	22883985
439	-590	303	156	-155	-154	0	54134483	22883990
-483	-500	61	52	155	-52	0	54134483	22883987
-194	714	-294	262	-334	-318	0	54134483	22884000
726	64	186	-126	-26	-138	0	54134483	22883984
508	-502	254	-240	-118	298	0	54134483	22883993
-1020	566	-150	180	238	132	0	54134483	22883984
674	116	8	-502	-734	-404	0	54134483	22884009
576	-286	566	-80	222	-372	0	54134483	22883999
-604	72	34	-100	392	-64	0	54134483	22883999
-684	388	-550	-366	-498	-440	0	54134483	22884003
844	-292	234	-526	-120	-482	0	54134483	22883996
782	-425	280	155	86	5	0	54134483	22883977
-604	29	430	-159	568	-273	0	54134483	22884006
-220	134	-470	-20	-378	30	0	54134483	22884012
352	18	-40	-466	-280	-628	0	54134483	22884016
230	-370	352	76	64	392	0	54134483	22884004
-488	596	-192	74	230	580	0	54134483	22884002
-10	152	-384	8	-454	26	0	54134483	22884023
426	-534	268	-204	180	162	0	54134483	22883989
148	470	342	184	234	0	0	54134483	22883989
-176	-98	-298	-218	-126	-46	0	54134483	22883998
570	-250	126	-330	-102	-280	0	54134483	22883993
-319	318	-3	406	467	-152	0	54134483	22884006
-431	570	-159	550	161	88	0	54134483	22883984
-267	-194	-479	-362	-195	86	0	54134483	22883996
388	-80	6	692	-194	318	0	54134483	22884002
70	-92	428	198	284	98	0	54134483	22884019
-100	202	-76	362	156	388	0	54134483	22884015
-154	-448	-420	-146	-534	40	0	54134483	22884007
294	-482	202	-212	130	-132	0	54134483	22883987
190	196	320	64	338	450	0	54134483	22884017
-288	-336	-380	-4	134	-16	0	54134483	22883986
246	-354	50	-62	-294	36	0	54134483	22883997
6	600	36	-40	450	-364	0	54134483	22884002
-247	24	1	324	71	-34	0	54134483	22883984
253	-154	-363	208	-113	218	0	54134483	22883998
-93	-438	185	-410	179	-236	0	54134483	22883994
-56	-122	444	-168	386	4	0	54134483	22884018
-142	98	100	-148	26	-656	0	54134483	22884022
-20	-262	-44	184	-246	116	0	54134483	22884003
-344	310	-620	-92	-94	-62	0	54134483	22883981
248	20	380	-104	722	58	0	54134483	22884019
-106	62	-314	246	-304	390	0	54134483	22884023
-44	-244	-308	-658	102	-436	0	54134483	22884013
190	74	378	-48	550	238	0	54134483	22884020
-136	-36	-402	48	180	-108	0	54134483	22884010
175	-14	175	322	-145	298	0	54134483	22884014
192	51	2	1	-128	453	0	54134483	22884017
-664	99	-312	-153	464	-425	0	54134483	22884002
-2	-133	-242	-141	16	-281	0	54134483	22884015
20	576	-216	360	154	-122	0	54134483	22883985
-22	68	324	448	84	10	0	54134483	22884005
70	-418	-34	60	90	-60	0	54134483	22883981
-276	-122	-330	-10	-56	-124	0	54134483	22883988
60	-258	-218	-46	-406	70	0	54134483	22884008
-96	-166	56	-124	268	-110	0	54134483	22884008
14	32	-190	428	-84	188	0	54134483	22884026
-112	252	372	232	668	18	0	54134483	22884017
-26	100	122	18	-94	214	0	54134483	22884017
-384	-71	-366	-173	-4	-323	0	54134483	22884001
-20	15	-10	-301	-70	-67	0	54134483	22884025
238	397	542	675	270	651	0	54134483	22884012
-458	346	-16	458	66	-216	0	54134483	22883990
